{
  "stats": {
    "suites": 40,
    "tests": 140,
    "passes": 125,
    "pending": 0,
    "failures": 15,
    "start": "2025-12-11T17:26:45.087Z",
    "end": "2025-12-11T17:26:45.139Z",
    "duration": 52,
    "testsRegistered": 140,
    "passPercent": 89.28571428571429,
    "pendingPercent": 0,
    "other": 0,
    "hasOther": false,
    "skipped": 0,
    "hasSkipped": false
  },
  "results": [
    {
      "uuid": "0d4d4965-dc52-4cbf-8df7-297bb4e74d8b",
      "title": "",
      "fullFile": "",
      "file": "",
      "beforeHooks": [],
      "afterHooks": [],
      "tests": [],
      "suites": [
        {
          "uuid": "fed6185a-8da7-4107-919c-13aeb3cf4d5b",
          "title": "Test suite for add.js according to the test plan",
          "fullFile": "D:\\koulu\\Software_testing\\Project\\Software-Testing-Project\\test\\add.test.js",
          "file": "\\test\\add.test.js",
          "beforeHooks": [],
          "afterHooks": [],
          "tests": [
            {
              "title": "should add two positive numbers correctly",
              "fullTitle": "Test suite for add.js according to the test plan should add two positive numbers correctly",
              "timedOut": false,
              "duration": 0,
              "state": "passed",
              "speed": "fast",
              "pass": true,
              "fail": false,
              "pending": false,
              "context": null,
              "code": "expect(add(2, 2)).to.equal(4);",
              "err": {},
              "uuid": "a5480d4c-547e-4c9e-b00f-7ba59f9e9ed1",
              "parentUUID": "fed6185a-8da7-4107-919c-13aeb3cf4d5b",
              "isHook": false,
              "skipped": false
            },
            {
              "title": "should add a positive and a negative number correctly",
              "fullTitle": "Test suite for add.js according to the test plan should add a positive and a negative number correctly",
              "timedOut": false,
              "duration": 0,
              "state": "passed",
              "speed": "fast",
              "pass": true,
              "fail": false,
              "pending": false,
              "context": null,
              "code": "expect(add(5, -3)).to.equal(2);",
              "err": {},
              "uuid": "1a2455db-dee1-4fa8-b262-7fc09563a371",
              "parentUUID": "fed6185a-8da7-4107-919c-13aeb3cf4d5b",
              "isHook": false,
              "skipped": false
            },
            {
              "title": "should return the other number when one argument is undefined",
              "fullTitle": "Test suite for add.js according to the test plan should return the other number when one argument is undefined",
              "timedOut": false,
              "duration": 0,
              "state": "passed",
              "speed": "fast",
              "pass": true,
              "fail": false,
              "pending": false,
              "context": null,
              "code": "expect(add(undefined, 7)).to.equal(7);\nexpect(add(10, undefined)).to.equal(10);",
              "err": {},
              "uuid": "426ef50e-0295-4ee0-816d-67d4ed2b23d3",
              "parentUUID": "fed6185a-8da7-4107-919c-13aeb3cf4d5b",
              "isHook": false,
              "skipped": false
            },
            {
              "title": "should return default value (0) when both arguments are undefined",
              "fullTitle": "Test suite for add.js according to the test plan should return default value (0) when both arguments are undefined",
              "timedOut": false,
              "duration": 0,
              "state": "passed",
              "speed": "fast",
              "pass": true,
              "fail": false,
              "pending": false,
              "context": null,
              "code": "expect(add(undefined, undefined)).to.equal(0);",
              "err": {},
              "uuid": "19353723-e4ec-4159-b041-76e59647688c",
              "parentUUID": "fed6185a-8da7-4107-919c-13aeb3cf4d5b",
              "isHook": false,
              "skipped": false
            },
            {
              "title": "should handle string inputs that can be converted to numbers",
              "fullTitle": "Test suite for add.js according to the test plan should handle string inputs that can be converted to numbers",
              "timedOut": false,
              "duration": 1,
              "state": "failed",
              "speed": null,
              "pass": false,
              "fail": true,
              "pending": false,
              "context": null,
              "code": "expect(add('4', '6')).to.equal(10);\nexpect(add('3', 7)).to.equal(10);\nexpect(add(5, '5')).to.equal(10);",
              "err": {
                "message": "AssertionError: expected '46' to equal 10",
                "estack": "AssertionError: expected '46' to equal 10\n    at Context.<anonymous> (file:///D:/koulu/Software_testing/Project/Software-Testing-Project/test/add.test.js:24:34)\n    at process.processImmediate (node:internal/timers:504:21)",
                "diff": null
              },
              "uuid": "af9d4961-7f9a-4ba5-be6c-7b3d2be7c9e2",
              "parentUUID": "fed6185a-8da7-4107-919c-13aeb3cf4d5b",
              "isHook": false,
              "skipped": false
            },
            {
              "title": "should handle non-numeric strings by treating them as NaN",
              "fullTitle": "Test suite for add.js according to the test plan should handle non-numeric strings by treating them as NaN",
              "timedOut": false,
              "duration": 0,
              "state": "failed",
              "speed": null,
              "pass": false,
              "fail": true,
              "pending": false,
              "context": null,
              "code": "expect(add('a', 5)).to.be.NaN;\nexpect(add(5, 'b')).to.be.NaN;\nexpect(add('x', 'y')).to.be.NaN;",
              "err": {
                "message": "AssertionError: expected 'a5' to be NaN",
                "estack": "AssertionError: expected 'a5' to be NaN\n    at Context.<anonymous> (file:///D:/koulu/Software_testing/Project/Software-Testing-Project/test/add.test.js:30:34)\n    at process.processImmediate (node:internal/timers:504:21)",
                "diff": null
              },
              "uuid": "9aaa5aaa-5fb1-43de-814c-ea811d8d2d94",
              "parentUUID": "fed6185a-8da7-4107-919c-13aeb3cf4d5b",
              "isHook": false,
              "skipped": false
            },
            {
              "title": "should handle null values as 0",
              "fullTitle": "Test suite for add.js according to the test plan should handle null values as 0",
              "timedOut": false,
              "duration": 0,
              "state": "passed",
              "speed": "fast",
              "pass": true,
              "fail": false,
              "pending": false,
              "context": null,
              "code": "expect(add(null, 5)).to.equal(5);\nexpect(add(5, null)).to.equal(5);\nexpect(add(null, null)).to.equal(0);",
              "err": {},
              "uuid": "81d3a40d-9da6-4337-a260-eef7c424c90d",
              "parentUUID": "fed6185a-8da7-4107-919c-13aeb3cf4d5b",
              "isHook": false,
              "skipped": false
            },
            {
              "title": "should add two negative numbers correctly",
              "fullTitle": "Test suite for add.js according to the test plan should add two negative numbers correctly",
              "timedOut": false,
              "duration": 0,
              "state": "passed",
              "speed": "fast",
              "pass": true,
              "fail": false,
              "pending": false,
              "context": null,
              "code": "expect(add(-4, -6)).to.equal(-10);",
              "err": {},
              "uuid": "8f5708e5-505e-4b54-b6e4-2ba0d138c26d",
              "parentUUID": "fed6185a-8da7-4107-919c-13aeb3cf4d5b",
              "isHook": false,
              "skipped": false
            }
          ],
          "suites": [],
          "passes": [
            "a5480d4c-547e-4c9e-b00f-7ba59f9e9ed1",
            "1a2455db-dee1-4fa8-b262-7fc09563a371",
            "426ef50e-0295-4ee0-816d-67d4ed2b23d3",
            "19353723-e4ec-4159-b041-76e59647688c",
            "81d3a40d-9da6-4337-a260-eef7c424c90d",
            "8f5708e5-505e-4b54-b6e4-2ba0d138c26d"
          ],
          "failures": [
            "af9d4961-7f9a-4ba5-be6c-7b3d2be7c9e2",
            "9aaa5aaa-5fb1-43de-814c-ea811d8d2d94"
          ],
          "pending": [],
          "skipped": [],
          "duration": 1,
          "root": false,
          "rootEmpty": false,
          "_timeout": 2000
        },
        {
          "uuid": "59d2659c-db18-44e8-b9fd-fba99d745d36",
          "title": "Test suite for camelCase.js",
          "fullFile": "D:\\koulu\\Software_testing\\Project\\Software-Testing-Project\\test\\camelCase.test.js",
          "file": "\\test\\camelCase.test.js",
          "beforeHooks": [],
          "afterHooks": [],
          "tests": [
            {
              "title": "should convert 'Foo Bar' to 'fooBar'",
              "fullTitle": "Test suite for camelCase.js should convert 'Foo Bar' to 'fooBar'",
              "timedOut": false,
              "duration": 0,
              "state": "failed",
              "speed": null,
              "pass": false,
              "fail": true,
              "pending": false,
              "context": null,
              "code": "expect(camelCase('Foo Bar')).to.equal('fooBar');",
              "err": {
                "message": "AssertionError: expected ' fooBar' to equal 'fooBar'",
                "estack": "AssertionError: expected ' fooBar' to equal 'fooBar'\n    at Context.<anonymous> (file:///D:/koulu/Software_testing/Project/Software-Testing-Project/test/camelCase.test.js:6:35)\n    at process.processImmediate (node:internal/timers:504:21)",
                "diff": "-  fooBar\n+ fooBar\n"
              },
              "uuid": "7aff8edb-f4f5-4a7e-8119-898b3e57a1e6",
              "parentUUID": "59d2659c-db18-44e8-b9fd-fba99d745d36",
              "isHook": false,
              "skipped": false
            },
            {
              "title": "should convert '--foo-bar--' to 'fooBar'",
              "fullTitle": "Test suite for camelCase.js should convert '--foo-bar--' to 'fooBar'",
              "timedOut": false,
              "duration": 1,
              "state": "failed",
              "speed": null,
              "pass": false,
              "fail": true,
              "pending": false,
              "context": null,
              "code": "expect(camelCase('--foo-bar--')).to.equal('fooBar');",
              "err": {
                "message": "AssertionError: expected ' fooBar' to equal 'fooBar'",
                "estack": "AssertionError: expected ' fooBar' to equal 'fooBar'\n    at Context.<anonymous> (file:///D:/koulu/Software_testing/Project/Software-Testing-Project/test/camelCase.test.js:10:39)\n    at process.processImmediate (node:internal/timers:504:21)",
                "diff": "-  fooBar\n+ fooBar\n"
              },
              "uuid": "f59b66bd-5d19-4038-83d5-b5e87cc5f1ee",
              "parentUUID": "59d2659c-db18-44e8-b9fd-fba99d745d36",
              "isHook": false,
              "skipped": false
            },
            {
              "title": "should convert '__FOO_BAR__' to 'fooBar'",
              "fullTitle": "Test suite for camelCase.js should convert '__FOO_BAR__' to 'fooBar'",
              "timedOut": false,
              "duration": 0,
              "state": "failed",
              "speed": null,
              "pass": false,
              "fail": true,
              "pending": false,
              "context": null,
              "code": "expect(camelCase('__FOO_BAR__')).to.equal('fooBar');",
              "err": {
                "message": "AssertionError: expected ' fooBar' to equal 'fooBar'",
                "estack": "AssertionError: expected ' fooBar' to equal 'fooBar'\n    at Context.<anonymous> (file:///D:/koulu/Software_testing/Project/Software-Testing-Project/test/camelCase.test.js:14:39)\n    at process.processImmediate (node:internal/timers:504:21)",
                "diff": "-  fooBar\n+ fooBar\n"
              },
              "uuid": "8ae484f5-6a06-4234-9c62-e49bd7c29fcb",
              "parentUUID": "59d2659c-db18-44e8-b9fd-fba99d745d36",
              "isHook": false,
              "skipped": false
            },
            {
              "title": "should remove apostrophes and preserve case for following words",
              "fullTitle": "Test suite for camelCase.js should remove apostrophes and preserve case for following words",
              "timedOut": false,
              "duration": 1,
              "state": "failed",
              "speed": null,
              "pass": false,
              "fail": true,
              "pending": false,
              "context": null,
              "code": "expect(camelCase(\"don't stop\")).to.equal('dontStop');",
              "err": {
                "message": "AssertionError: expected ' dontStop' to equal 'dontStop'",
                "estack": "AssertionError: expected ' dontStop' to equal 'dontStop'\n    at Context.<anonymous> (file:///D:/koulu/Software_testing/Project/Software-Testing-Project/test/camelCase.test.js:18:38)\n    at process.processImmediate (node:internal/timers:504:21)",
                "diff": "-  dontStop\n+ dontStop\n"
              },
              "uuid": "8cb6978e-7d49-4703-912b-992c3f683a42",
              "parentUUID": "59d2659c-db18-44e8-b9fd-fba99d745d36",
              "isHook": false,
              "skipped": false
            },
            {
              "title": "should handle numeric input by coercing to string",
              "fullTitle": "Test suite for camelCase.js should handle numeric input by coercing to string",
              "timedOut": false,
              "duration": 0,
              "state": "failed",
              "speed": null,
              "pass": false,
              "fail": true,
              "pending": false,
              "context": null,
              "code": "expect(camelCase(123)).to.equal('123');",
              "err": {
                "message": "AssertionError: expected ' 123' to equal '123'",
                "estack": "AssertionError: expected ' 123' to equal '123'\n    at Context.<anonymous> (file:///D:/koulu/Software_testing/Project/Software-Testing-Project/test/camelCase.test.js:22:29)\n    at process.processImmediate (node:internal/timers:504:21)",
                "diff": "-  123\n+ 123\n"
              },
              "uuid": "d97a82a2-6745-4b34-a1b3-5a59c5cbea22",
              "parentUUID": "59d2659c-db18-44e8-b9fd-fba99d745d36",
              "isHook": false,
              "skipped": false
            }
          ],
          "suites": [],
          "passes": [],
          "failures": [
            "7aff8edb-f4f5-4a7e-8119-898b3e57a1e6",
            "f59b66bd-5d19-4038-83d5-b5e87cc5f1ee",
            "8ae484f5-6a06-4234-9c62-e49bd7c29fcb",
            "8cb6978e-7d49-4703-912b-992c3f683a42",
            "d97a82a2-6745-4b34-a1b3-5a59c5cbea22"
          ],
          "pending": [],
          "skipped": [],
          "duration": 2,
          "root": false,
          "rootEmpty": false,
          "_timeout": 2000
        },
        {
          "uuid": "c952f2cf-9a47-471c-81a8-5052760ed96b",
          "title": "Test suite for capitalize.js",
          "fullFile": "D:\\koulu\\Software_testing\\Project\\Software-Testing-Project\\test\\capitalize.test.js",
          "file": "\\test\\capitalize.test.js",
          "beforeHooks": [],
          "afterHooks": [],
          "tests": [
            {
              "title": "should capitalize the first character of a lowercase string",
              "fullTitle": "Test suite for capitalize.js should capitalize the first character of a lowercase string",
              "timedOut": false,
              "duration": 0,
              "state": "passed",
              "speed": "fast",
              "pass": true,
              "fail": false,
              "pending": false,
              "context": null,
              "code": "expect(capitalize('fred')).to.equal('Fred');",
              "err": {},
              "uuid": "d421e234-c799-4ab6-a4e5-369b41647006",
              "parentUUID": "c952f2cf-9a47-471c-81a8-5052760ed96b",
              "isHook": false,
              "skipped": false
            },
            {
              "title": "should convert an uppercase string to capitalized format",
              "fullTitle": "Test suite for capitalize.js should convert an uppercase string to capitalized format",
              "timedOut": false,
              "duration": 0,
              "state": "passed",
              "speed": "fast",
              "pass": true,
              "fail": false,
              "pending": false,
              "context": null,
              "code": "expect(capitalize('FRED')).to.equal('Fred');",
              "err": {},
              "uuid": "6a74f9e2-9326-4e79-b13e-18e1921ad93f",
              "parentUUID": "c952f2cf-9a47-471c-81a8-5052760ed96b",
              "isHook": false,
              "skipped": false
            },
            {
              "title": "should handle mixed case strings by capitalizing only the first character",
              "fullTitle": "Test suite for capitalize.js should handle mixed case strings by capitalizing only the first character",
              "timedOut": false,
              "duration": 0,
              "state": "passed",
              "speed": "fast",
              "pass": true,
              "fail": false,
              "pending": false,
              "context": null,
              "code": "expect(capitalize('fReD')).to.equal('Fred');",
              "err": {},
              "uuid": "0da17b6b-04b5-4c42-aaef-399b88fb7132",
              "parentUUID": "c952f2cf-9a47-471c-81a8-5052760ed96b",
              "isHook": false,
              "skipped": false
            },
            {
              "title": "should handle strings with spaces",
              "fullTitle": "Test suite for capitalize.js should handle strings with spaces",
              "timedOut": false,
              "duration": 0,
              "state": "passed",
              "speed": "fast",
              "pass": true,
              "fail": false,
              "pending": false,
              "context": null,
              "code": "expect(capitalize('hello world')).to.equal('Hello world');",
              "err": {},
              "uuid": "b9723fc0-3acc-4805-a0d2-486d42e1dbc3",
              "parentUUID": "c952f2cf-9a47-471c-81a8-5052760ed96b",
              "isHook": false,
              "skipped": false
            },
            {
              "title": "should handle undefined by returning \"Undefined\"",
              "fullTitle": "Test suite for capitalize.js should handle undefined by returning \"Undefined\"",
              "timedOut": false,
              "duration": 0,
              "state": "passed",
              "speed": "fast",
              "pass": true,
              "fail": false,
              "pending": false,
              "context": null,
              "code": "expect(capitalize(undefined)).to.equal('Undefined');",
              "err": {},
              "uuid": "6d5043b3-d898-4a2f-bfdc-a206f6a8aa0a",
              "parentUUID": "c952f2cf-9a47-471c-81a8-5052760ed96b",
              "isHook": false,
              "skipped": false
            },
            {
              "title": "should handle null by returning \"Null\"",
              "fullTitle": "Test suite for capitalize.js should handle null by returning \"Null\"",
              "timedOut": false,
              "duration": 1,
              "state": "passed",
              "speed": "fast",
              "pass": true,
              "fail": false,
              "pending": false,
              "context": null,
              "code": "expect(capitalize(null)).to.equal('Null');",
              "err": {},
              "uuid": "7ad3a1dc-5033-46b2-9f21-b0730e9f7fa9",
              "parentUUID": "c952f2cf-9a47-471c-81a8-5052760ed96b",
              "isHook": false,
              "skipped": false
            },
            {
              "title": "should handle missing argument (undefined)",
              "fullTitle": "Test suite for capitalize.js should handle missing argument (undefined)",
              "timedOut": false,
              "duration": 0,
              "state": "passed",
              "speed": "fast",
              "pass": true,
              "fail": false,
              "pending": false,
              "context": null,
              "code": "expect(capitalize()).to.equal('Undefined');",
              "err": {},
              "uuid": "6c0e0652-fd6e-4ce9-8a33-7e1ecaaaac70",
              "parentUUID": "c952f2cf-9a47-471c-81a8-5052760ed96b",
              "isHook": false,
              "skipped": false
            }
          ],
          "suites": [],
          "passes": [
            "d421e234-c799-4ab6-a4e5-369b41647006",
            "6a74f9e2-9326-4e79-b13e-18e1921ad93f",
            "0da17b6b-04b5-4c42-aaef-399b88fb7132",
            "b9723fc0-3acc-4805-a0d2-486d42e1dbc3",
            "6d5043b3-d898-4a2f-bfdc-a206f6a8aa0a",
            "7ad3a1dc-5033-46b2-9f21-b0730e9f7fa9",
            "6c0e0652-fd6e-4ce9-8a33-7e1ecaaaac70"
          ],
          "failures": [],
          "pending": [],
          "skipped": [],
          "duration": 1,
          "root": false,
          "rootEmpty": false,
          "_timeout": 2000
        },
        {
          "uuid": "7983d6d1-6c92-4ac1-9164-917d218ce39b",
          "title": "Test suite for ceil.js according to the test plan",
          "fullFile": "D:\\koulu\\Software_testing\\Project\\Software-Testing-Project\\test\\ceil.test.js",
          "file": "\\test\\ceil.test.js",
          "beforeHooks": [],
          "afterHooks": [],
          "tests": [
            {
              "title": "should round up to nearest integer when precision is not provided",
              "fullTitle": "Test suite for ceil.js according to the test plan should round up to nearest integer when precision is not provided",
              "timedOut": false,
              "duration": 0,
              "state": "passed",
              "speed": "fast",
              "pass": true,
              "fail": false,
              "pending": false,
              "context": null,
              "code": "expect(ceil(4.006)).to.equal(5)\nexpect(ceil(4.1)).to.equal(5)\nexpect(ceil(4.001)).to.equal(5)",
              "err": {},
              "uuid": "7c0a2ebe-2697-4e13-913f-60783753fd32",
              "parentUUID": "7983d6d1-6c92-4ac1-9164-917d218ce39b",
              "isHook": false,
              "skipped": false
            },
            {
              "title": "should round up to specified decimal precision",
              "fullTitle": "Test suite for ceil.js according to the test plan should round up to specified decimal precision",
              "timedOut": false,
              "duration": 0,
              "state": "passed",
              "speed": "fast",
              "pass": true,
              "fail": false,
              "pending": false,
              "context": null,
              "code": "expect(ceil(6.004, 2)).to.equal(6.01)\nexpect(ceil(6.009, 2)).to.equal(6.01)\nexpect(ceil(6.001, 1)).to.equal(6.1)",
              "err": {},
              "uuid": "ef38475a-028f-4d98-b556-6cfb1905ee46",
              "parentUUID": "7983d6d1-6c92-4ac1-9164-917d218ce39b",
              "isHook": false,
              "skipped": false
            },
            {
              "title": "should round up with negative precision",
              "fullTitle": "Test suite for ceil.js according to the test plan should round up with negative precision",
              "timedOut": false,
              "duration": 0,
              "state": "passed",
              "speed": "fast",
              "pass": true,
              "fail": false,
              "pending": false,
              "context": null,
              "code": "expect(ceil(6040, -2)).to.equal(6100)\nexpect(ceil(1234, -2)).to.equal(1300)\nexpect(ceil(1234, -3)).to.equal(2000)",
              "err": {},
              "uuid": "2cd3f73d-70a6-4c95-9081-e7e6cde65fe4",
              "parentUUID": "7983d6d1-6c92-4ac1-9164-917d218ce39b",
              "isHook": false,
              "skipped": false
            },
            {
              "title": "should handle whole numbers",
              "fullTitle": "Test suite for ceil.js according to the test plan should handle whole numbers",
              "timedOut": false,
              "duration": 0,
              "state": "passed",
              "speed": "fast",
              "pass": true,
              "fail": false,
              "pending": false,
              "context": null,
              "code": "expect(ceil(5)).to.equal(5)\nexpect(ceil(100, 2)).to.equal(100)",
              "err": {},
              "uuid": "edc629a7-54b2-422a-b2ee-6def16189b25",
              "parentUUID": "7983d6d1-6c92-4ac1-9164-917d218ce39b",
              "isHook": false,
              "skipped": false
            },
            {
              "title": "should handle zero",
              "fullTitle": "Test suite for ceil.js according to the test plan should handle zero",
              "timedOut": false,
              "duration": 0,
              "state": "passed",
              "speed": "fast",
              "pass": true,
              "fail": false,
              "pending": false,
              "context": null,
              "code": "expect(ceil(0)).to.equal(0)\nexpect(ceil(0, 2)).to.equal(0)",
              "err": {},
              "uuid": "eb1a29ee-1ee4-473b-8156-f5bdf878b6a3",
              "parentUUID": "7983d6d1-6c92-4ac1-9164-917d218ce39b",
              "isHook": false,
              "skipped": false
            },
            {
              "title": "should handle negative numbers",
              "fullTitle": "Test suite for ceil.js according to the test plan should handle negative numbers",
              "timedOut": false,
              "duration": 1,
              "state": "passed",
              "speed": "fast",
              "pass": true,
              "fail": false,
              "pending": false,
              "context": null,
              "code": "expect(ceil(-4.006)).to.equal(-4)\nexpect(ceil(-4.5)).to.equal(-4)\nexpect(ceil(-6.004, 2)).to.equal(-6)",
              "err": {},
              "uuid": "953d6c34-b136-45bc-96ca-37b55b8265c1",
              "parentUUID": "7983d6d1-6c92-4ac1-9164-917d218ce39b",
              "isHook": false,
              "skipped": false
            },
            {
              "title": "should handle precision of 0",
              "fullTitle": "Test suite for ceil.js according to the test plan should handle precision of 0",
              "timedOut": false,
              "duration": 0,
              "state": "passed",
              "speed": "fast",
              "pass": true,
              "fail": false,
              "pending": false,
              "context": null,
              "code": "expect(ceil(4.5, 0)).to.equal(5)",
              "err": {},
              "uuid": "2ab6eea8-6578-449d-8c68-7b1d963179a3",
              "parentUUID": "7983d6d1-6c92-4ac1-9164-917d218ce39b",
              "isHook": false,
              "skipped": false
            },
            {
              "title": "Trying to round with string precision should be the same as precision 0",
              "fullTitle": "Test suite for ceil.js according to the test plan Trying to round with string precision should be the same as precision 0",
              "timedOut": false,
              "duration": 0,
              "state": "passed",
              "speed": "fast",
              "pass": true,
              "fail": false,
              "pending": false,
              "context": null,
              "code": "expect(ceil(4.006, 'string')).to.equal(5)",
              "err": {},
              "uuid": "add4573b-6a82-4067-b09e-ebb94d887e6a",
              "parentUUID": "7983d6d1-6c92-4ac1-9164-917d218ce39b",
              "isHook": false,
              "skipped": false
            },
            {
              "title": "should handle large precision values",
              "fullTitle": "Test suite for ceil.js according to the test plan should handle large precision values",
              "timedOut": false,
              "duration": 0,
              "state": "passed",
              "speed": "fast",
              "pass": true,
              "fail": false,
              "pending": false,
              "context": null,
              "code": "expect(ceil(1.23456789, 8)).to.equal(1.23456789)\nexpect(ceil(1.2345678912345, 12)).to.equal(1.234567891235)",
              "err": {},
              "uuid": "cb6d7baf-c938-4514-90da-e0ba7f4d241b",
              "parentUUID": "7983d6d1-6c92-4ac1-9164-917d218ce39b",
              "isHook": false,
              "skipped": false
            },
            {
              "title": "should handle number as string",
              "fullTitle": "Test suite for ceil.js according to the test plan should handle number as string",
              "timedOut": false,
              "duration": 0,
              "state": "passed",
              "speed": "fast",
              "pass": true,
              "fail": false,
              "pending": false,
              "context": null,
              "code": "expect(ceil('4.006')).to.equal(5)\nexpect(ceil('6.004', 2)).to.equal(6.01)\nexpect(ceil('6040', -2)).to.equal(6100)",
              "err": {},
              "uuid": "60cd5673-ca88-4e8b-8190-24fdb61ff932",
              "parentUUID": "7983d6d1-6c92-4ac1-9164-917d218ce39b",
              "isHook": false,
              "skipped": false
            }
          ],
          "suites": [],
          "passes": [
            "7c0a2ebe-2697-4e13-913f-60783753fd32",
            "ef38475a-028f-4d98-b556-6cfb1905ee46",
            "2cd3f73d-70a6-4c95-9081-e7e6cde65fe4",
            "edc629a7-54b2-422a-b2ee-6def16189b25",
            "eb1a29ee-1ee4-473b-8156-f5bdf878b6a3",
            "953d6c34-b136-45bc-96ca-37b55b8265c1",
            "2ab6eea8-6578-449d-8c68-7b1d963179a3",
            "add4573b-6a82-4067-b09e-ebb94d887e6a",
            "cb6d7baf-c938-4514-90da-e0ba7f4d241b",
            "60cd5673-ca88-4e8b-8190-24fdb61ff932"
          ],
          "failures": [],
          "pending": [],
          "skipped": [],
          "duration": 1,
          "root": false,
          "rootEmpty": false,
          "_timeout": 2000
        },
        {
          "uuid": "ec88ad4e-1e7e-4bf7-8730-82d0ee6336ae",
          "title": "clamp",
          "fullFile": "D:\\koulu\\Software_testing\\Project\\Software-Testing-Project\\test\\clamp.test.js",
          "file": "\\test\\clamp.test.js",
          "beforeHooks": [],
          "afterHooks": [],
          "tests": [
            {
              "title": "should clamp a number within bounds",
              "fullTitle": "clamp should clamp a number within bounds",
              "timedOut": false,
              "duration": 0,
              "state": "failed",
              "speed": null,
              "pass": false,
              "fail": true,
              "pending": false,
              "context": null,
              "code": "expect(clamp(10, -5, 5)).to.equal(5);",
              "err": {
                "message": "AssertionError: expected -5 to equal 5",
                "estack": "AssertionError: expected -5 to equal 5\n    at Context.<anonymous> (file:///D:/koulu/Software_testing/Project/Software-Testing-Project/test/clamp.test.js:6:37)\n    at process.processImmediate (node:internal/timers:504:21)",
                "diff": "- -5\n+ 5\n"
              },
              "uuid": "ee441312-a531-4df6-b154-228fcadee86d",
              "parentUUID": "ec88ad4e-1e7e-4bf7-8730-82d0ee6336ae",
              "isHook": false,
              "skipped": false
            },
            {
              "title": "should return lower bound when number is below range",
              "fullTitle": "clamp should return lower bound when number is below range",
              "timedOut": false,
              "duration": 0,
              "state": "passed",
              "speed": "fast",
              "pass": true,
              "fail": false,
              "pending": false,
              "context": null,
              "code": "expect(clamp(-10, -5, 5)).to.equal(-5);",
              "err": {},
              "uuid": "eb5c5931-4879-4cf6-b655-e5efbbaef864",
              "parentUUID": "ec88ad4e-1e7e-4bf7-8730-82d0ee6336ae",
              "isHook": false,
              "skipped": false
            },
            {
              "title": "should return the number when within bounds",
              "fullTitle": "clamp should return the number when within bounds",
              "timedOut": false,
              "duration": 0,
              "state": "failed",
              "speed": null,
              "pass": false,
              "fail": true,
              "pending": false,
              "context": null,
              "code": "expect(clamp(0, -5, 5)).to.equal(0);",
              "err": {
                "message": "AssertionError: expected -5 to equal +0",
                "estack": "AssertionError: expected -5 to equal +0\n    at Context.<anonymous> (file:///D:/koulu/Software_testing/Project/Software-Testing-Project/test/clamp.test.js:14:36)\n    at process.processImmediate (node:internal/timers:504:21)",
                "diff": "- -5\n+ 0\n"
              },
              "uuid": "7575ec35-3b38-4710-892f-1f66e3a25fa0",
              "parentUUID": "ec88ad4e-1e7e-4bf7-8730-82d0ee6336ae",
              "isHook": false,
              "skipped": false
            },
            {
              "title": "should handle equal lower and upper bounds",
              "fullTitle": "clamp should handle equal lower and upper bounds",
              "timedOut": false,
              "duration": 0,
              "state": "passed",
              "speed": "fast",
              "pass": true,
              "fail": false,
              "pending": false,
              "context": null,
              "code": "expect(clamp(10, 5, 5)).to.equal(5);",
              "err": {},
              "uuid": "95f26d63-6719-4b49-b9db-fa4b2f35a307",
              "parentUUID": "ec88ad4e-1e7e-4bf7-8730-82d0ee6336ae",
              "isHook": false,
              "skipped": false
            },
            {
              "title": "should handle negative numbers",
              "fullTitle": "clamp should handle negative numbers",
              "timedOut": false,
              "duration": 0,
              "state": "failed",
              "speed": null,
              "pass": false,
              "fail": true,
              "pending": false,
              "context": null,
              "code": "expect(clamp(-3, -10, -1)).to.equal(-3);",
              "err": {
                "message": "AssertionError: expected -10 to equal -3",
                "estack": "AssertionError: expected -10 to equal -3\n    at Context.<anonymous> (file:///D:/koulu/Software_testing/Project/Software-Testing-Project/test/clamp.test.js:22:39)\n    at process.processImmediate (node:internal/timers:504:21)",
                "diff": "- -10\n+ -3\n"
              },
              "uuid": "ba6b319f-7f8b-42da-8abc-cd55fbcb1d6b",
              "parentUUID": "ec88ad4e-1e7e-4bf7-8730-82d0ee6336ae",
              "isHook": false,
              "skipped": false
            },
            {
              "title": "should convert string numbers to numbers",
              "fullTitle": "clamp should convert string numbers to numbers",
              "timedOut": false,
              "duration": 0,
              "state": "failed",
              "speed": null,
              "pass": false,
              "fail": true,
              "pending": false,
              "context": null,
              "code": "expect(clamp('10', -5, 5)).to.equal(5);",
              "err": {
                "message": "AssertionError: expected -5 to equal 5",
                "estack": "AssertionError: expected -5 to equal 5\n    at Context.<anonymous> (file:///D:/koulu/Software_testing/Project/Software-Testing-Project/test/clamp.test.js:26:39)\n    at process.processImmediate (node:internal/timers:504:21)",
                "diff": "- -5\n+ 5\n"
              },
              "uuid": "8884cd4e-5929-4460-8479-ad30880fa697",
              "parentUUID": "ec88ad4e-1e7e-4bf7-8730-82d0ee6336ae",
              "isHook": false,
              "skipped": false
            },
            {
              "title": "should handle NaN values",
              "fullTitle": "clamp should handle NaN values",
              "timedOut": false,
              "duration": 0,
              "state": "passed",
              "speed": "fast",
              "pass": true,
              "fail": false,
              "pending": false,
              "context": null,
              "code": "expect(isNaN(clamp(NaN, -5, 5))).to.be.true;",
              "err": {},
              "uuid": "ced84b24-693b-41ba-af02-2ed20ce59e2b",
              "parentUUID": "ec88ad4e-1e7e-4bf7-8730-82d0ee6336ae",
              "isHook": false,
              "skipped": false
            },
            {
              "title": "should default bounds to 0 when NaN",
              "fullTitle": "clamp should default bounds to 0 when NaN",
              "timedOut": false,
              "duration": 0,
              "state": "passed",
              "speed": "fast",
              "pass": true,
              "fail": false,
              "pending": false,
              "context": null,
              "code": "expect(clamp(5, NaN, NaN)).to.equal(0);",
              "err": {},
              "uuid": "04d96763-acea-4f27-baeb-8e2d66f32fad",
              "parentUUID": "ec88ad4e-1e7e-4bf7-8730-82d0ee6336ae",
              "isHook": false,
              "skipped": false
            },
            {
              "title": "should clamp at upper bound when number equals upper",
              "fullTitle": "clamp should clamp at upper bound when number equals upper",
              "timedOut": false,
              "duration": 0,
              "state": "failed",
              "speed": null,
              "pass": false,
              "fail": true,
              "pending": false,
              "context": null,
              "code": "expect(clamp(5, -5, 5)).to.equal(5);",
              "err": {
                "message": "AssertionError: expected -5 to equal 5",
                "estack": "AssertionError: expected -5 to equal 5\n    at Context.<anonymous> (file:///D:/koulu/Software_testing/Project/Software-Testing-Project/test/clamp.test.js:38:36)\n    at process.processImmediate (node:internal/timers:504:21)",
                "diff": "- -5\n+ 5\n"
              },
              "uuid": "a97d765e-bbcc-45d3-98bd-5ac22f5de9e6",
              "parentUUID": "ec88ad4e-1e7e-4bf7-8730-82d0ee6336ae",
              "isHook": false,
              "skipped": false
            },
            {
              "title": "should clamp at lower bound when number equals lower",
              "fullTitle": "clamp should clamp at lower bound when number equals lower",
              "timedOut": false,
              "duration": 0,
              "state": "passed",
              "speed": "fast",
              "pass": true,
              "fail": false,
              "pending": false,
              "context": null,
              "code": "expect(clamp(-5, -5, 5)).to.equal(-5);",
              "err": {},
              "uuid": "aa2863c3-73be-457c-bf9d-d5844042100a",
              "parentUUID": "ec88ad4e-1e7e-4bf7-8730-82d0ee6336ae",
              "isHook": false,
              "skipped": false
            },
            {
              "title": "should handle when number is lower than both bounds",
              "fullTitle": "clamp should handle when number is lower than both bounds",
              "timedOut": false,
              "duration": 0,
              "state": "passed",
              "speed": "fast",
              "pass": true,
              "fail": false,
              "pending": false,
              "context": null,
              "code": "expect(clamp(-10, -5, 0)).to.equal(-5);",
              "err": {},
              "uuid": "796ee60e-45df-4eff-9220-f57f9f979e6f",
              "parentUUID": "ec88ad4e-1e7e-4bf7-8730-82d0ee6336ae",
              "isHook": false,
              "skipped": false
            },
            {
              "title": "returns lower when number is above lower but below upper",
              "fullTitle": "clamp returns lower when number is above lower but below upper",
              "timedOut": false,
              "duration": 0,
              "state": "failed",
              "speed": null,
              "pass": false,
              "fail": true,
              "pending": false,
              "context": null,
              "code": "expect(clamp(2, 0, 5)).to.equal(2);",
              "err": {
                "message": "AssertionError: expected +0 to equal 2",
                "estack": "AssertionError: expected +0 to equal 2\n    at Context.<anonymous> (file:///D:/koulu/Software_testing/Project/Software-Testing-Project/test/clamp.test.js:50:35)\n    at process.processImmediate (node:internal/timers:504:21)",
                "diff": "- 0\n+ 2\n"
              },
              "uuid": "8ff5f0fe-46ed-4522-b601-a1658b390101",
              "parentUUID": "ec88ad4e-1e7e-4bf7-8730-82d0ee6336ae",
              "isHook": false,
              "skipped": false
            },
            {
              "title": "should return the number unchanged when lower > upper and number between them",
              "fullTitle": "clamp should return the number unchanged when lower > upper and number between them",
              "timedOut": false,
              "duration": 0,
              "state": "passed",
              "speed": "fast",
              "pass": true,
              "fail": false,
              "pending": false,
              "context": null,
              "code": "// number (5) is between upper (2) and lower (10) -> both comparisons keep the number\nexpect(clamp(5, 10, 2)).to.equal(5);",
              "err": {},
              "uuid": "a46e82b1-b2cd-4a4f-b5f0-64bb1f7f6192",
              "parentUUID": "ec88ad4e-1e7e-4bf7-8730-82d0ee6336ae",
              "isHook": false,
              "skipped": false
            },
            {
              "title": "should set to upper when number < upper and upper < lower",
              "fullTitle": "clamp should set to upper when number < upper and upper < lower",
              "timedOut": false,
              "duration": 0,
              "state": "passed",
              "speed": "fast",
              "pass": true,
              "fail": false,
              "pending": false,
              "context": null,
              "code": "// number (1) < upper (2) so it's set to upper, then upper <= lower so it remains\nexpect(clamp(1, 10, 2)).to.equal(2);",
              "err": {},
              "uuid": "ae0435e9-651f-4a4d-8fae-727cd918741a",
              "parentUUID": "ec88ad4e-1e7e-4bf7-8730-82d0ee6336ae",
              "isHook": false,
              "skipped": false
            }
          ],
          "suites": [],
          "passes": [
            "eb5c5931-4879-4cf6-b655-e5efbbaef864",
            "95f26d63-6719-4b49-b9db-fa4b2f35a307",
            "ced84b24-693b-41ba-af02-2ed20ce59e2b",
            "04d96763-acea-4f27-baeb-8e2d66f32fad",
            "aa2863c3-73be-457c-bf9d-d5844042100a",
            "796ee60e-45df-4eff-9220-f57f9f979e6f",
            "a46e82b1-b2cd-4a4f-b5f0-64bb1f7f6192",
            "ae0435e9-651f-4a4d-8fae-727cd918741a"
          ],
          "failures": [
            "ee441312-a531-4df6-b154-228fcadee86d",
            "7575ec35-3b38-4710-892f-1f66e3a25fa0",
            "ba6b319f-7f8b-42da-8abc-cd55fbcb1d6b",
            "8884cd4e-5929-4460-8479-ad30880fa697",
            "a97d765e-bbcc-45d3-98bd-5ac22f5de9e6",
            "8ff5f0fe-46ed-4522-b601-a1658b390101"
          ],
          "pending": [],
          "skipped": [],
          "duration": 0,
          "root": false,
          "rootEmpty": false,
          "_timeout": 2000
        },
        {
          "uuid": "888ce507-b30d-49ca-a11a-66723446c0c9",
          "title": "Test suite for filter",
          "fullFile": "D:\\koulu\\Software_testing\\Project\\Software-Testing-Project\\test\\filter.test.js",
          "file": "\\test\\filter.test.js",
          "beforeHooks": [],
          "afterHooks": [],
          "tests": [],
          "suites": [
            {
              "uuid": "1b7dc38e-c2c8-4cf9-85db-c19807a2fb4c",
              "title": "basic filtering",
              "fullFile": "D:\\koulu\\Software_testing\\Project\\Software-Testing-Project\\test\\filter.test.js",
              "file": "\\test\\filter.test.js",
              "beforeHooks": [],
              "afterHooks": [],
              "tests": [
                {
                  "title": "should return an array of elements that match the predicate",
                  "fullTitle": "Test suite for filter basic filtering should return an array of elements that match the predicate",
                  "timedOut": false,
                  "duration": 0,
                  "state": "passed",
                  "speed": "fast",
                  "pass": true,
                  "fail": false,
                  "pending": false,
                  "context": null,
                  "code": "const array = [1, 2, 3, 4, 5];\nconst result = filter(array, (value) => value > 2);\nexpect(result).to.deep.equal([3, 4, 5]);",
                  "err": {},
                  "uuid": "4984de1c-e7dc-4ef6-a9ee-810397c2928a",
                  "parentUUID": "1b7dc38e-c2c8-4cf9-85db-c19807a2fb4c",
                  "isHook": false,
                  "skipped": false
                },
                {
                  "title": "should return empty array when no elements match",
                  "fullTitle": "Test suite for filter basic filtering should return empty array when no elements match",
                  "timedOut": false,
                  "duration": 0,
                  "state": "passed",
                  "speed": "fast",
                  "pass": true,
                  "fail": false,
                  "pending": false,
                  "context": null,
                  "code": "const array = [1, 2, 3];\nconst result = filter(array, (value) => value > 10);\nexpect(result).to.deep.equal([[]]);",
                  "err": {},
                  "uuid": "a7b8b3d4-bb60-4d3e-8666-73004fa55d1b",
                  "parentUUID": "1b7dc38e-c2c8-4cf9-85db-c19807a2fb4c",
                  "isHook": false,
                  "skipped": false
                },
                {
                  "title": "should return the entire array when all elements match",
                  "fullTitle": "Test suite for filter basic filtering should return the entire array when all elements match",
                  "timedOut": false,
                  "duration": 0,
                  "state": "passed",
                  "speed": "fast",
                  "pass": true,
                  "fail": false,
                  "pending": false,
                  "context": null,
                  "code": "const array = [1, 2, 3];\nconst result = filter(array, (value) => value > 0);\nexpect(result).to.deep.equal([1, 2, 3]);",
                  "err": {},
                  "uuid": "583b8fe8-c804-4f04-8524-cf0035a98956",
                  "parentUUID": "1b7dc38e-c2c8-4cf9-85db-c19807a2fb4c",
                  "isHook": false,
                  "skipped": false
                }
              ],
              "suites": [],
              "passes": [
                "4984de1c-e7dc-4ef6-a9ee-810397c2928a",
                "a7b8b3d4-bb60-4d3e-8666-73004fa55d1b",
                "583b8fe8-c804-4f04-8524-cf0035a98956"
              ],
              "failures": [],
              "pending": [],
              "skipped": [],
              "duration": 0,
              "root": false,
              "rootEmpty": false,
              "_timeout": 2000
            },
            {
              "uuid": "af529be3-e688-406a-96f2-6cc5354eab98",
              "title": "object filtering",
              "fullFile": "D:\\koulu\\Software_testing\\Project\\Software-Testing-Project\\test\\filter.test.js",
              "file": "\\test\\filter.test.js",
              "beforeHooks": [],
              "afterHooks": [],
              "tests": [
                {
                  "title": "should filter objects by property",
                  "fullTitle": "Test suite for filter object filtering should filter objects by property",
                  "timedOut": false,
                  "duration": 0,
                  "state": "passed",
                  "speed": "fast",
                  "pass": true,
                  "fail": false,
                  "pending": false,
                  "context": null,
                  "code": "const users = [\n  { 'user': 'barney', 'active': true },\n  { 'user': 'fred', 'active': false }\n];\nconst result = filter(users, ({ active }) => active);\nexpect(result).to.deep.equal([{ 'user': 'barney', 'active': true }]);",
                  "err": {},
                  "uuid": "55a33482-914f-4048-a856-80dd3e5995d0",
                  "parentUUID": "af529be3-e688-406a-96f2-6cc5354eab98",
                  "isHook": false,
                  "skipped": false
                },
                {
                  "title": "should filter objects by multiple criteria",
                  "fullTitle": "Test suite for filter object filtering should filter objects by multiple criteria",
                  "timedOut": false,
                  "duration": 0,
                  "state": "passed",
                  "speed": "fast",
                  "pass": true,
                  "fail": false,
                  "pending": false,
                  "context": null,
                  "code": "const products = [\n  { name: 'Apple', price: 100, inStock: true },\n  { name: 'Banana', price: 50, inStock: false },\n  { name: 'Cherry', price: 150, inStock: true }\n];\nconst result = filter(products, (p) => p.inStock && p.price > 75);\nexpect(result).to.deep.equal([\n  { name: 'Apple', price: 100, inStock: true },\n  { name: 'Cherry', price: 150, inStock: true }\n]);",
                  "err": {},
                  "uuid": "81b4a5a7-9c62-4bb5-bde5-eeec27605c48",
                  "parentUUID": "af529be3-e688-406a-96f2-6cc5354eab98",
                  "isHook": false,
                  "skipped": false
                }
              ],
              "suites": [],
              "passes": [
                "55a33482-914f-4048-a856-80dd3e5995d0",
                "81b4a5a7-9c62-4bb5-bde5-eeec27605c48"
              ],
              "failures": [],
              "pending": [],
              "skipped": [],
              "duration": 0,
              "root": false,
              "rootEmpty": false,
              "_timeout": 2000
            },
            {
              "uuid": "e6d14fa3-2e1a-41de-8c59-f687ba0cb741",
              "title": "predicate arguments",
              "fullFile": "D:\\koulu\\Software_testing\\Project\\Software-Testing-Project\\test\\filter.test.js",
              "file": "\\test\\filter.test.js",
              "beforeHooks": [],
              "afterHooks": [],
              "tests": [
                {
                  "title": "should pass value, index, and array to predicate",
                  "fullTitle": "Test suite for filter predicate arguments should pass value, index, and array to predicate",
                  "timedOut": false,
                  "duration": 0,
                  "state": "passed",
                  "speed": "fast",
                  "pass": true,
                  "fail": false,
                  "pending": false,
                  "context": null,
                  "code": "const array = ['a', 'b', 'c'];\nconst values = [];\nconst indices = [];\nconst arrays = [];\nfilter(array, (value, index, arr) => {\n  values.push(value);\n  indices.push(index);\n  arrays.push(arr);\n  return true;\n});\nexpect(values).to.deep.equal(['a', 'b', 'c']);\nexpect(indices).to.deep.equal([0, 1, 2]);\nexpect(arrays).to.deep.equal([array, array, array]);",
                  "err": {},
                  "uuid": "49fefe94-e41a-4351-8bf3-714b12b5557d",
                  "parentUUID": "e6d14fa3-2e1a-41de-8c59-f687ba0cb741",
                  "isHook": false,
                  "skipped": false
                },
                {
                  "title": "should use index to filter elements",
                  "fullTitle": "Test suite for filter predicate arguments should use index to filter elements",
                  "timedOut": false,
                  "duration": 0,
                  "state": "passed",
                  "speed": "fast",
                  "pass": true,
                  "fail": false,
                  "pending": false,
                  "context": null,
                  "code": "const array = [10, 20, 30, 40];\nconst result = filter(array, (value, index) => index % 2 === 0);\nexpect(result).to.deep.equal([10, 30]);",
                  "err": {},
                  "uuid": "f73e4032-62c3-4223-a19c-a521980481f1",
                  "parentUUID": "e6d14fa3-2e1a-41de-8c59-f687ba0cb741",
                  "isHook": false,
                  "skipped": false
                }
              ],
              "suites": [],
              "passes": [
                "49fefe94-e41a-4351-8bf3-714b12b5557d",
                "f73e4032-62c3-4223-a19c-a521980481f1"
              ],
              "failures": [],
              "pending": [],
              "skipped": [],
              "duration": 0,
              "root": false,
              "rootEmpty": false,
              "_timeout": 2000
            },
            {
              "uuid": "6a8c1ce6-5205-4d6e-bea2-ad62e1714a2c",
              "title": "edge cases",
              "fullFile": "D:\\koulu\\Software_testing\\Project\\Software-Testing-Project\\test\\filter.test.js",
              "file": "\\test\\filter.test.js",
              "beforeHooks": [],
              "afterHooks": [],
              "tests": [
                {
                  "title": "should handle empty array",
                  "fullTitle": "Test suite for filter edge cases should handle empty array",
                  "timedOut": false,
                  "duration": 0,
                  "state": "passed",
                  "speed": "fast",
                  "pass": true,
                  "fail": false,
                  "pending": false,
                  "context": null,
                  "code": "const result = filter([], (value) => value > 0);\nexpect(result).to.deep.equal([[]]);",
                  "err": {},
                  "uuid": "0986cc2d-98f9-44f7-bfa4-ce8a427a6be8",
                  "parentUUID": "6a8c1ce6-5205-4d6e-bea2-ad62e1714a2c",
                  "isHook": false,
                  "skipped": false
                },
                {
                  "title": "should handle null array",
                  "fullTitle": "Test suite for filter edge cases should handle null array",
                  "timedOut": false,
                  "duration": 0,
                  "state": "passed",
                  "speed": "fast",
                  "pass": true,
                  "fail": false,
                  "pending": false,
                  "context": null,
                  "code": "const result = filter(null, (value) => value > 0);\nexpect(result).to.deep.equal([[]]);",
                  "err": {},
                  "uuid": "f295b327-6e86-4c1d-9b42-a1a112d9a475",
                  "parentUUID": "6a8c1ce6-5205-4d6e-bea2-ad62e1714a2c",
                  "isHook": false,
                  "skipped": false
                },
                {
                  "title": "should handle undefined array",
                  "fullTitle": "Test suite for filter edge cases should handle undefined array",
                  "timedOut": false,
                  "duration": 0,
                  "state": "passed",
                  "speed": "fast",
                  "pass": true,
                  "fail": false,
                  "pending": false,
                  "context": null,
                  "code": "const result = filter(undefined, (value) => value > 0);\nexpect(result).to.deep.equal([[]]);",
                  "err": {},
                  "uuid": "99a87bd7-32e4-41d4-a6b2-57efb3d0b03f",
                  "parentUUID": "6a8c1ce6-5205-4d6e-bea2-ad62e1714a2c",
                  "isHook": false,
                  "skipped": false
                },
                {
                  "title": "should preserve original array",
                  "fullTitle": "Test suite for filter edge cases should preserve original array",
                  "timedOut": false,
                  "duration": 1,
                  "state": "passed",
                  "speed": "fast",
                  "pass": true,
                  "fail": false,
                  "pending": false,
                  "context": null,
                  "code": "const array = [1, 2, 3];\nconst originalArray = [...array];\nfilter(array, (value) => value > 1);\nexpect(array).to.deep.equal(originalArray);",
                  "err": {},
                  "uuid": "b77a7797-ab1c-4af1-a8bf-fe7d3d1b45f3",
                  "parentUUID": "6a8c1ce6-5205-4d6e-bea2-ad62e1714a2c",
                  "isHook": false,
                  "skipped": false
                }
              ],
              "suites": [],
              "passes": [
                "0986cc2d-98f9-44f7-bfa4-ce8a427a6be8",
                "f295b327-6e86-4c1d-9b42-a1a112d9a475",
                "99a87bd7-32e4-41d4-a6b2-57efb3d0b03f",
                "b77a7797-ab1c-4af1-a8bf-fe7d3d1b45f3"
              ],
              "failures": [],
              "pending": [],
              "skipped": [],
              "duration": 1,
              "root": false,
              "rootEmpty": false,
              "_timeout": 2000
            },
            {
              "uuid": "c8b49265-b519-4188-9f70-01ec81a4f1de",
              "title": "various data types",
              "fullFile": "D:\\koulu\\Software_testing\\Project\\Software-Testing-Project\\test\\filter.test.js",
              "file": "\\test\\filter.test.js",
              "beforeHooks": [],
              "afterHooks": [],
              "tests": [
                {
                  "title": "should filter strings",
                  "fullTitle": "Test suite for filter various data types should filter strings",
                  "timedOut": false,
                  "duration": 0,
                  "state": "passed",
                  "speed": "fast",
                  "pass": true,
                  "fail": false,
                  "pending": false,
                  "context": null,
                  "code": "const array = ['apple', 'apricot', 'banana', 'avocado'];\nconst result = filter(array, (value) => value.startsWith('a'));\nexpect(result).to.deep.equal(['apple', 'apricot', 'avocado']);",
                  "err": {},
                  "uuid": "f81df2e5-51ec-4daa-aa87-41ece137c256",
                  "parentUUID": "c8b49265-b519-4188-9f70-01ec81a4f1de",
                  "isHook": false,
                  "skipped": false
                },
                {
                  "title": "should filter booleans",
                  "fullTitle": "Test suite for filter various data types should filter booleans",
                  "timedOut": false,
                  "duration": 0,
                  "state": "passed",
                  "speed": "fast",
                  "pass": true,
                  "fail": false,
                  "pending": false,
                  "context": null,
                  "code": "const array = [true, false, true, false, true];\nconst result = filter(array, (value) => value === true);\nexpect(result).to.deep.equal([true, true, true]);",
                  "err": {},
                  "uuid": "a8f8ffa6-c6f2-4a22-80d9-008a5c3b9726",
                  "parentUUID": "c8b49265-b519-4188-9f70-01ec81a4f1de",
                  "isHook": false,
                  "skipped": false
                },
                {
                  "title": "should filter mixed types",
                  "fullTitle": "Test suite for filter various data types should filter mixed types",
                  "timedOut": false,
                  "duration": 0,
                  "state": "passed",
                  "speed": "fast",
                  "pass": true,
                  "fail": false,
                  "pending": false,
                  "context": null,
                  "code": "const array = [0, 1, '', 'text', false, true, null, undefined];\nconst result = filter(array, (value) => Boolean(value));\nexpect(result).to.deep.equal([1, 'text', true]);",
                  "err": {},
                  "uuid": "be3b884e-2957-4f00-ab98-b5790ff6d2c0",
                  "parentUUID": "c8b49265-b519-4188-9f70-01ec81a4f1de",
                  "isHook": false,
                  "skipped": false
                },
                {
                  "title": "should filter arrays",
                  "fullTitle": "Test suite for filter various data types should filter arrays",
                  "timedOut": false,
                  "duration": 0,
                  "state": "passed",
                  "speed": "fast",
                  "pass": true,
                  "fail": false,
                  "pending": false,
                  "context": null,
                  "code": "const array = [[1, 2], [3], [], [4, 5, 6]];\nconst result = filter(array, (value) => value.length > 1);\nexpect(result).to.deep.equal([[1, 2], [4, 5, 6]]);",
                  "err": {},
                  "uuid": "552d08fe-863b-4058-87a1-c62f40e5c1b5",
                  "parentUUID": "c8b49265-b519-4188-9f70-01ec81a4f1de",
                  "isHook": false,
                  "skipped": false
                }
              ],
              "suites": [],
              "passes": [
                "f81df2e5-51ec-4daa-aa87-41ece137c256",
                "a8f8ffa6-c6f2-4a22-80d9-008a5c3b9726",
                "be3b884e-2957-4f00-ab98-b5790ff6d2c0",
                "552d08fe-863b-4058-87a1-c62f40e5c1b5"
              ],
              "failures": [],
              "pending": [],
              "skipped": [],
              "duration": 0,
              "root": false,
              "rootEmpty": false,
              "_timeout": 2000
            }
          ],
          "passes": [],
          "failures": [],
          "pending": [],
          "skipped": [],
          "duration": 0,
          "root": false,
          "rootEmpty": false,
          "_timeout": 2000
        },
        {
          "uuid": "25065884-c982-404e-9164-53df7a07094f",
          "title": "Test suite for isEmpty.js",
          "fullFile": "D:\\koulu\\Software_testing\\Project\\Software-Testing-Project\\test\\isEmpty.test.js",
          "file": "\\test\\isEmpty.test.js",
          "beforeHooks": [],
          "afterHooks": [],
          "tests": [],
          "suites": [
            {
              "uuid": "acb26c9b-ef58-4556-8df3-757034ee25f6",
              "title": "null and undefined",
              "fullFile": "D:\\koulu\\Software_testing\\Project\\Software-Testing-Project\\test\\isEmpty.test.js",
              "file": "\\test\\isEmpty.test.js",
              "beforeHooks": [],
              "afterHooks": [],
              "tests": [
                {
                  "title": "should return true for null",
                  "fullTitle": "Test suite for isEmpty.js null and undefined should return true for null",
                  "timedOut": false,
                  "duration": 0,
                  "state": "passed",
                  "speed": "fast",
                  "pass": true,
                  "fail": false,
                  "pending": false,
                  "context": null,
                  "code": "expect(isEmpty(null)).to.be.true;",
                  "err": {},
                  "uuid": "2a503979-c4b1-4149-92ba-8f53968fc8ca",
                  "parentUUID": "acb26c9b-ef58-4556-8df3-757034ee25f6",
                  "isHook": false,
                  "skipped": false
                },
                {
                  "title": "should return true for undefined",
                  "fullTitle": "Test suite for isEmpty.js null and undefined should return true for undefined",
                  "timedOut": false,
                  "duration": 0,
                  "state": "passed",
                  "speed": "fast",
                  "pass": true,
                  "fail": false,
                  "pending": false,
                  "context": null,
                  "code": "expect(isEmpty(undefined)).to.be.true;",
                  "err": {},
                  "uuid": "7fe37549-2270-45aa-b12c-4cd8c5f24ba9",
                  "parentUUID": "acb26c9b-ef58-4556-8df3-757034ee25f6",
                  "isHook": false,
                  "skipped": false
                }
              ],
              "suites": [],
              "passes": [
                "2a503979-c4b1-4149-92ba-8f53968fc8ca",
                "7fe37549-2270-45aa-b12c-4cd8c5f24ba9"
              ],
              "failures": [],
              "pending": [],
              "skipped": [],
              "duration": 0,
              "root": false,
              "rootEmpty": false,
              "_timeout": 2000
            },
            {
              "uuid": "c738dcfe-b3cf-4b01-9d51-163889d50590",
              "title": "primitive values",
              "fullFile": "D:\\koulu\\Software_testing\\Project\\Software-Testing-Project\\test\\isEmpty.test.js",
              "file": "\\test\\isEmpty.test.js",
              "beforeHooks": [],
              "afterHooks": [],
              "tests": [
                {
                  "title": "should return true for booleans",
                  "fullTitle": "Test suite for isEmpty.js primitive values should return true for booleans",
                  "timedOut": false,
                  "duration": 0,
                  "state": "passed",
                  "speed": "fast",
                  "pass": true,
                  "fail": false,
                  "pending": false,
                  "context": null,
                  "code": "expect(isEmpty(true)).to.be.true;\nexpect(isEmpty(false)).to.be.true;",
                  "err": {},
                  "uuid": "8d94efd0-2f33-46d9-b518-bf27e07c67e7",
                  "parentUUID": "c738dcfe-b3cf-4b01-9d51-163889d50590",
                  "isHook": false,
                  "skipped": false
                },
                {
                  "title": "should return true for numbers",
                  "fullTitle": "Test suite for isEmpty.js primitive values should return true for numbers",
                  "timedOut": false,
                  "duration": 0,
                  "state": "passed",
                  "speed": "fast",
                  "pass": true,
                  "fail": false,
                  "pending": false,
                  "context": null,
                  "code": "expect(isEmpty(0)).to.be.true;\nexpect(isEmpty(42)).to.be.true;",
                  "err": {},
                  "uuid": "dad32801-681f-447d-b27f-6d7de3efeb99",
                  "parentUUID": "c738dcfe-b3cf-4b01-9d51-163889d50590",
                  "isHook": false,
                  "skipped": false
                }
              ],
              "suites": [],
              "passes": [
                "8d94efd0-2f33-46d9-b518-bf27e07c67e7",
                "dad32801-681f-447d-b27f-6d7de3efeb99"
              ],
              "failures": [],
              "pending": [],
              "skipped": [],
              "duration": 0,
              "root": false,
              "rootEmpty": false,
              "_timeout": 2000
            },
            {
              "uuid": "fd76c8dd-a6e6-4ea2-9ecb-32d595c0c157",
              "title": "strings",
              "fullFile": "D:\\koulu\\Software_testing\\Project\\Software-Testing-Project\\test\\isEmpty.test.js",
              "file": "\\test\\isEmpty.test.js",
              "beforeHooks": [],
              "afterHooks": [],
              "tests": [
                {
                  "title": "should return true for empty string",
                  "fullTitle": "Test suite for isEmpty.js strings should return true for empty string",
                  "timedOut": false,
                  "duration": 0,
                  "state": "passed",
                  "speed": "fast",
                  "pass": true,
                  "fail": false,
                  "pending": false,
                  "context": null,
                  "code": "expect(isEmpty('')).to.be.true;",
                  "err": {},
                  "uuid": "13070bb1-ea2b-44ad-acf8-8e93b9f57613",
                  "parentUUID": "fd76c8dd-a6e6-4ea2-9ecb-32d595c0c157",
                  "isHook": false,
                  "skipped": false
                },
                {
                  "title": "should return false for non-empty string",
                  "fullTitle": "Test suite for isEmpty.js strings should return false for non-empty string",
                  "timedOut": false,
                  "duration": 0,
                  "state": "passed",
                  "speed": "fast",
                  "pass": true,
                  "fail": false,
                  "pending": false,
                  "context": null,
                  "code": "expect(isEmpty('abc')).to.be.false;",
                  "err": {},
                  "uuid": "281fc52d-e027-42af-84e7-71edf7004db6",
                  "parentUUID": "fd76c8dd-a6e6-4ea2-9ecb-32d595c0c157",
                  "isHook": false,
                  "skipped": false
                }
              ],
              "suites": [],
              "passes": [
                "13070bb1-ea2b-44ad-acf8-8e93b9f57613",
                "281fc52d-e027-42af-84e7-71edf7004db6"
              ],
              "failures": [],
              "pending": [],
              "skipped": [],
              "duration": 0,
              "root": false,
              "rootEmpty": false,
              "_timeout": 2000
            },
            {
              "uuid": "a3ed4ea9-5b8b-4952-aff5-2c0ff6b6dae2",
              "title": "arrays",
              "fullFile": "D:\\koulu\\Software_testing\\Project\\Software-Testing-Project\\test\\isEmpty.test.js",
              "file": "\\test\\isEmpty.test.js",
              "beforeHooks": [],
              "afterHooks": [],
              "tests": [
                {
                  "title": "should return true for empty array",
                  "fullTitle": "Test suite for isEmpty.js arrays should return true for empty array",
                  "timedOut": false,
                  "duration": 0,
                  "state": "passed",
                  "speed": "fast",
                  "pass": true,
                  "fail": false,
                  "pending": false,
                  "context": null,
                  "code": "expect(isEmpty([])).to.be.true;",
                  "err": {},
                  "uuid": "be9db324-5fc9-4859-93a6-1fe550f515f4",
                  "parentUUID": "a3ed4ea9-5b8b-4952-aff5-2c0ff6b6dae2",
                  "isHook": false,
                  "skipped": false
                },
                {
                  "title": "should return false for non-empty array",
                  "fullTitle": "Test suite for isEmpty.js arrays should return false for non-empty array",
                  "timedOut": false,
                  "duration": 0,
                  "state": "passed",
                  "speed": "fast",
                  "pass": true,
                  "fail": false,
                  "pending": false,
                  "context": null,
                  "code": "expect(isEmpty([1, 2, 3])).to.be.false;",
                  "err": {},
                  "uuid": "23d99615-805d-4ccf-961d-1ba67a5f7db7",
                  "parentUUID": "a3ed4ea9-5b8b-4952-aff5-2c0ff6b6dae2",
                  "isHook": false,
                  "skipped": false
                }
              ],
              "suites": [],
              "passes": [
                "be9db324-5fc9-4859-93a6-1fe550f515f4",
                "23d99615-805d-4ccf-961d-1ba67a5f7db7"
              ],
              "failures": [],
              "pending": [],
              "skipped": [],
              "duration": 0,
              "root": false,
              "rootEmpty": false,
              "_timeout": 2000
            },
            {
              "uuid": "4a537c75-79a5-4c7d-99eb-4fd4b21bc6d0",
              "title": "objects",
              "fullFile": "D:\\koulu\\Software_testing\\Project\\Software-Testing-Project\\test\\isEmpty.test.js",
              "file": "\\test\\isEmpty.test.js",
              "beforeHooks": [],
              "afterHooks": [],
              "tests": [
                {
                  "title": "should return true for empty object",
                  "fullTitle": "Test suite for isEmpty.js objects should return true for empty object",
                  "timedOut": false,
                  "duration": 0,
                  "state": "passed",
                  "speed": "fast",
                  "pass": true,
                  "fail": false,
                  "pending": false,
                  "context": null,
                  "code": "expect(isEmpty({})).to.be.true;",
                  "err": {},
                  "uuid": "0e25f205-5206-452a-9da9-363e836316af",
                  "parentUUID": "4a537c75-79a5-4c7d-99eb-4fd4b21bc6d0",
                  "isHook": false,
                  "skipped": false
                },
                {
                  "title": "should return false for object with properties",
                  "fullTitle": "Test suite for isEmpty.js objects should return false for object with properties",
                  "timedOut": false,
                  "duration": 0,
                  "state": "passed",
                  "speed": "fast",
                  "pass": true,
                  "fail": false,
                  "pending": false,
                  "context": null,
                  "code": "expect(isEmpty({ 'a': 1 })).to.be.false;",
                  "err": {},
                  "uuid": "94b75a9d-1274-475f-8477-6158ff7f1781",
                  "parentUUID": "4a537c75-79a5-4c7d-99eb-4fd4b21bc6d0",
                  "isHook": false,
                  "skipped": false
                }
              ],
              "suites": [],
              "passes": [
                "0e25f205-5206-452a-9da9-363e836316af",
                "94b75a9d-1274-475f-8477-6158ff7f1781"
              ],
              "failures": [],
              "pending": [],
              "skipped": [],
              "duration": 0,
              "root": false,
              "rootEmpty": false,
              "_timeout": 2000
            },
            {
              "uuid": "f07ac677-d1d4-4770-8558-92516bbe4659",
              "title": "maps and sets",
              "fullFile": "D:\\koulu\\Software_testing\\Project\\Software-Testing-Project\\test\\isEmpty.test.js",
              "file": "\\test\\isEmpty.test.js",
              "beforeHooks": [],
              "afterHooks": [],
              "tests": [
                {
                  "title": "should return true for empty map",
                  "fullTitle": "Test suite for isEmpty.js maps and sets should return true for empty map",
                  "timedOut": false,
                  "duration": 0,
                  "state": "passed",
                  "speed": "fast",
                  "pass": true,
                  "fail": false,
                  "pending": false,
                  "context": null,
                  "code": "expect(isEmpty(new Map())).to.be.true;",
                  "err": {},
                  "uuid": "38f71b50-5bff-486e-989f-4e700c426999",
                  "parentUUID": "f07ac677-d1d4-4770-8558-92516bbe4659",
                  "isHook": false,
                  "skipped": false
                },
                {
                  "title": "should return false for non-empty map",
                  "fullTitle": "Test suite for isEmpty.js maps and sets should return false for non-empty map",
                  "timedOut": false,
                  "duration": 0,
                  "state": "passed",
                  "speed": "fast",
                  "pass": true,
                  "fail": false,
                  "pending": false,
                  "context": null,
                  "code": "const map = new Map();\nmap.set('key', 'value');\nexpect(isEmpty(map)).to.be.false;",
                  "err": {},
                  "uuid": "0b27b44d-3c72-40a0-abef-74b707b6a59a",
                  "parentUUID": "f07ac677-d1d4-4770-8558-92516bbe4659",
                  "isHook": false,
                  "skipped": false
                },
                {
                  "title": "should return true for empty set",
                  "fullTitle": "Test suite for isEmpty.js maps and sets should return true for empty set",
                  "timedOut": false,
                  "duration": 0,
                  "state": "passed",
                  "speed": "fast",
                  "pass": true,
                  "fail": false,
                  "pending": false,
                  "context": null,
                  "code": "expect(isEmpty(new Set())).to.be.true;",
                  "err": {},
                  "uuid": "1ec67282-d3b6-49f2-929d-2083462506b1",
                  "parentUUID": "f07ac677-d1d4-4770-8558-92516bbe4659",
                  "isHook": false,
                  "skipped": false
                },
                {
                  "title": "should return false for non-empty set",
                  "fullTitle": "Test suite for isEmpty.js maps and sets should return false for non-empty set",
                  "timedOut": false,
                  "duration": 0,
                  "state": "passed",
                  "speed": "fast",
                  "pass": true,
                  "fail": false,
                  "pending": false,
                  "context": null,
                  "code": "const set = new Set();\nset.add(1);\nexpect(isEmpty(set)).to.be.false;",
                  "err": {},
                  "uuid": "8631f577-aebe-4e5a-9fe3-b4dd82d4a747",
                  "parentUUID": "f07ac677-d1d4-4770-8558-92516bbe4659",
                  "isHook": false,
                  "skipped": false
                }
              ],
              "suites": [],
              "passes": [
                "38f71b50-5bff-486e-989f-4e700c426999",
                "0b27b44d-3c72-40a0-abef-74b707b6a59a",
                "1ec67282-d3b6-49f2-929d-2083462506b1",
                "8631f577-aebe-4e5a-9fe3-b4dd82d4a747"
              ],
              "failures": [],
              "pending": [],
              "skipped": [],
              "duration": 0,
              "root": false,
              "rootEmpty": false,
              "_timeout": 2000
            },
            {
              "uuid": "5ac71162-40b1-4c84-b140-a4a8cd32f5c6",
              "title": "typed arrays, buffers and array-like objects",
              "fullFile": "D:\\koulu\\Software_testing\\Project\\Software-Testing-Project\\test\\isEmpty.test.js",
              "file": "\\test\\isEmpty.test.js",
              "beforeHooks": [],
              "afterHooks": [],
              "tests": [
                {
[...]
                  "parentUUID": "50ea7f26-9e8f-4e3c-b2e5-80035965920a",
                  "isHook": false,
                  "skipped": false
                },
                {
                  "title": "should split words separated by punctuation and spaces",
                  "fullTitle": "Test suite for words.js default pattern (ASCII words) should split words separated by punctuation and spaces",
                  "timedOut": false,
                  "duration": 0,
                  "state": "passed",
                  "speed": "fast",
                  "pass": true,
                  "fail": false,
                  "pending": false,
                  "context": null,
                  "code": "const result = words('fred, barney, & pebbles');\nexpect(result).to.deep.equal(['fred', 'barney', 'pebbles']);",
                  "err": {},
                  "uuid": "4f3588bd-cf77-4d0e-b9c6-405cc4770a07",
                  "parentUUID": "50ea7f26-9e8f-4e3c-b2e5-80035965920a",
                  "isHook": false,
                  "skipped": false
                },
                {
                  "title": "should handle single word",
                  "fullTitle": "Test suite for words.js default pattern (ASCII words) should handle single word",
                  "timedOut": false,
                  "duration": 0,
                  "state": "passed",
                  "speed": "fast",
                  "pass": true,
                  "fail": false,
                  "pending": false,
                  "context": null,
                  "code": "const result = words('hello');\nexpect(result).to.deep.equal(['hello']);",
                  "err": {},
                  "uuid": "3238dbb4-6932-4c9e-9289-a4b95d1cda2e",
                  "parentUUID": "50ea7f26-9e8f-4e3c-b2e5-80035965920a",
                  "isHook": false,
                  "skipped": false
                },
                {
                  "title": "should return empty array for empty string",
                  "fullTitle": "Test suite for words.js default pattern (ASCII words) should return empty array for empty string",
                  "timedOut": false,
                  "duration": 0,
                  "state": "passed",
                  "speed": "fast",
                  "pass": true,
                  "fail": false,
                  "pending": false,
                  "context": null,
                  "code": "const result = words('');\nexpect(result).to.deep.equal([]);",
                  "err": {},
                  "uuid": "73913692-9d3d-4bd0-af6d-76bb8fb9c86f",
                  "parentUUID": "50ea7f26-9e8f-4e3c-b2e5-80035965920a",
                  "isHook": false,
                  "skipped": false
                },
                {
                  "title": "should return empty array for string with only non-word characters",
                  "fullTitle": "Test suite for words.js default pattern (ASCII words) should return empty array for string with only non-word characters",
                  "timedOut": false,
                  "duration": 1,
                  "state": "passed",
                  "speed": "fast",
                  "pass": true,
                  "fail": false,
                  "pending": false,
                  "context": null,
                  "code": "const result = words('   !!!');\nexpect(result).to.deep.equal([]);",
                  "err": {},
                  "uuid": "58529f54-795b-4663-a8b1-4a34f6cf6d17",
                  "parentUUID": "50ea7f26-9e8f-4e3c-b2e5-80035965920a",
                  "isHook": false,
                  "skipped": false
                },
                {
                  "title": "should handle strings with numbers",
                  "fullTitle": "Test suite for words.js default pattern (ASCII words) should handle strings with numbers",
                  "timedOut": false,
                  "duration": 0,
                  "state": "failed",
                  "speed": null,
                  "pass": false,
                  "fail": true,
                  "pending": false,
                  "context": null,
                  "code": "const result = words('test123 hello456');\nexpect(result).to.deep.equal(['test123', 'hello456']);",
                  "err": {
                    "message": "AssertionError: expected [ 'test', '123', 'hello', '456' ] to deeply equal [ 'test123', 'hello456' ]",
                    "estack": "AssertionError: expected [ 'test', '123', 'hello', '456' ] to deeply equal [ 'test123', 'hello456' ]\n    at Context.<anonymous> (file:///D:/koulu/Software_testing/Project/Software-Testing-Project/test/words.test.js:33:30)\n    at process.processImmediate (node:internal/timers:504:21)",
                    "diff": " [\n-   \"test\"\n-   \"123\"\n-   \"hello\"\n-   \"456\"\n+   \"test123\"\n+   \"hello456\"\n ]\n"
                  },
                  "uuid": "52c87320-bc84-4fdf-abd0-9b657dbecee6",
                  "parentUUID": "50ea7f26-9e8f-4e3c-b2e5-80035965920a",
                  "isHook": false,
                  "skipped": false
                },
                {
                  "title": "should handle camelCase strings",
                  "fullTitle": "Test suite for words.js default pattern (ASCII words) should handle camelCase strings",
                  "timedOut": false,
                  "duration": 0,
                  "state": "passed",
                  "speed": "fast",
                  "pass": true,
                  "fail": false,
                  "pending": false,
                  "context": null,
                  "code": "const result = words('camelCaseString');\nexpect(result).to.deep.equal(['camel', 'Case', 'String']);",
                  "err": {},
                  "uuid": "0c4fb3b1-3a10-4412-a806-c473fa08b5df",
                  "parentUUID": "50ea7f26-9e8f-4e3c-b2e5-80035965920a",
                  "isHook": false,
                  "skipped": false
                },
                {
                  "title": "should handle PascalCase strings",
                  "fullTitle": "Test suite for words.js default pattern (ASCII words) should handle PascalCase strings",
                  "timedOut": false,
                  "duration": 0,
                  "state": "passed",
                  "speed": "fast",
                  "pass": true,
                  "fail": false,
                  "pending": false,
                  "context": null,
                  "code": "const result = words('PascalCaseString');\nexpect(result).to.deep.equal(['Pascal', 'Case', 'String']);",
                  "err": {},
                  "uuid": "b92d2bdd-260b-41e7-9507-6c62dd8d5346",
                  "parentUUID": "50ea7f26-9e8f-4e3c-b2e5-80035965920a",
                  "isHook": false,
                  "skipped": false
                },
                {
                  "title": "should handle snake_case strings",
                  "fullTitle": "Test suite for words.js default pattern (ASCII words) should handle snake_case strings",
                  "timedOut": false,
                  "duration": 0,
                  "state": "passed",
                  "speed": "fast",
                  "pass": true,
                  "fail": false,
                  "pending": false,
                  "context": null,
                  "code": "const result = words('snake_case_string');\nexpect(result).to.deep.equal(['snake', 'case', 'string']);",
                  "err": {},
                  "uuid": "692eacfd-1331-4172-a981-83a267f8fcdc",
                  "parentUUID": "50ea7f26-9e8f-4e3c-b2e5-80035965920a",
                  "isHook": false,
                  "skipped": false
                },
                {
                  "title": "should handle mixed case with special characters",
                  "fullTitle": "Test suite for words.js default pattern (ASCII words) should handle mixed case with special characters",
                  "timedOut": false,
                  "duration": 0,
                  "state": "passed",
                  "speed": "fast",
                  "pass": true,
                  "fail": false,
                  "pending": false,
                  "context": null,
                  "code": "const result = words('hello-world_test@email');\nexpect(result).to.deep.equal(['hello', 'world', 'test', 'email']);",
                  "err": {},
                  "uuid": "1aa41ec9-e668-4aba-a88f-4319848285f8",
                  "parentUUID": "50ea7f26-9e8f-4e3c-b2e5-80035965920a",
                  "isHook": false,
                  "skipped": false
                }
              ],
              "suites": [],
              "passes": [
                "d09b0039-2be0-4b80-a55b-958bba95a2d7",
                "4f3588bd-cf77-4d0e-b9c6-405cc4770a07",
                "3238dbb4-6932-4c9e-9289-a4b95d1cda2e",
                "73913692-9d3d-4bd0-af6d-76bb8fb9c86f",
                "58529f54-795b-4663-a8b1-4a34f6cf6d17",
                "0c4fb3b1-3a10-4412-a806-c473fa08b5df",
                "b92d2bdd-260b-41e7-9507-6c62dd8d5346",
                "692eacfd-1331-4172-a981-83a267f8fcdc",
                "1aa41ec9-e668-4aba-a88f-4319848285f8"
              ],
              "failures": [
                "52c87320-bc84-4fdf-abd0-9b657dbecee6"
              ],
              "pending": [],
              "skipped": [],
              "duration": 1,
              "root": false,
              "rootEmpty": false,
              "_timeout": 2000
            },
            {
              "uuid": "16ceccec-afbc-4816-8107-6f138117101f",
              "title": "custom pattern",
              "fullFile": "D:\\koulu\\Software_testing\\Project\\Software-Testing-Project\\test\\words.test.js",
              "file": "\\test\\words.test.js",
              "beforeHooks": [],
              "afterHooks": [],
              "tests": [
                {
                  "title": "should use custom pattern to match words",
                  "fullTitle": "Test suite for words.js custom pattern should use custom pattern to match words",
                  "timedOut": false,
                  "duration": 0,
                  "state": "passed",
                  "speed": "fast",
                  "pass": true,
                  "fail": false,
                  "pending": false,
                  "context": null,
                  "code": "const result = words('fred, barney, & pebbles', /[^, ]+/g);\nexpect(result).to.deep.equal(['fred', 'barney', '&', 'pebbles']);",
                  "err": {},
                  "uuid": "15e408fd-f5a2-4b20-834e-29fea61694ce",
                  "parentUUID": "16ceccec-afbc-4816-8107-6f138117101f",
                  "isHook": false,
                  "skipped": false
                },
                {
                  "title": "should match words with custom regex",
                  "fullTitle": "Test suite for words.js custom pattern should match words with custom regex",
                  "timedOut": false,
                  "duration": 0,
                  "state": "passed",
                  "speed": "fast",
                  "pass": true,
                  "fail": false,
                  "pending": false,
                  "context": null,
                  "code": "const result = words('hello123world456', /\\d+/g);\nexpect(result).to.deep.equal(['123', '456']);",
                  "err": {},
                  "uuid": "3246ccc8-783f-4e84-8c0b-01acd5f7fb4b",
                  "parentUUID": "16ceccec-afbc-4816-8107-6f138117101f",
                  "isHook": false,
                  "skipped": false
                },
                {
                  "title": "should return empty array when pattern matches nothing",
                  "fullTitle": "Test suite for words.js custom pattern should return empty array when pattern matches nothing",
                  "timedOut": false,
                  "duration": 0,
                  "state": "passed",
                  "speed": "fast",
                  "pass": true,
                  "fail": false,
                  "pending": false,
                  "context": null,
                  "code": "const result = words('abc def', /\\d+/g);\nexpect(result).to.deep.equal([]);",
                  "err": {},
                  "uuid": "404d293f-33fe-47ab-9333-9c6244e5cac0",
                  "parentUUID": "16ceccec-afbc-4816-8107-6f138117101f",
                  "isHook": false,
                  "skipped": false
                },
                {
                  "title": "should handle pattern as string (no g flag equivalent)",
                  "fullTitle": "Test suite for words.js custom pattern should handle pattern as string (no g flag equivalent)",
                  "timedOut": false,
                  "duration": 0,
                  "state": "passed",
                  "speed": "fast",
                  "pass": true,
                  "fail": false,
                  "pending": false,
                  "context": null,
                  "code": "const result = words('hello world test', /\\w+/g);\nexpect(result).to.deep.equal(['hello', 'world', 'test']);",
                  "err": {},
                  "uuid": "6943710d-42f1-40da-966f-2f033cf8c673",
                  "parentUUID": "16ceccec-afbc-4816-8107-6f138117101f",
                  "isHook": false,
                  "skipped": false
                }
              ],
              "suites": [],
              "passes": [
                "15e408fd-f5a2-4b20-834e-29fea61694ce",
                "3246ccc8-783f-4e84-8c0b-01acd5f7fb4b",
                "404d293f-33fe-47ab-9333-9c6244e5cac0",
                "6943710d-42f1-40da-966f-2f033cf8c673"
              ],
              "failures": [],
              "pending": [],
              "skipped": [],
              "duration": 0,
              "root": false,
              "rootEmpty": false,
              "_timeout": 2000
            },
            {
              "uuid": "dcd5d5c8-1560-4d1d-96c2-f68a3ed67e9b",
              "title": "edge cases",
              "fullFile": "D:\\koulu\\Software_testing\\Project\\Software-Testing-Project\\test\\words.test.js",
              "file": "\\test\\words.test.js",
              "beforeHooks": [],
              "afterHooks": [],
              "tests": [
                {
                  "title": "should handle strings with only spaces",
                  "fullTitle": "Test suite for words.js edge cases should handle strings with only spaces",
                  "timedOut": false,
                  "duration": 0,
                  "state": "passed",
                  "speed": "fast",
                  "pass": true,
                  "fail": false,
                  "pending": false,
                  "context": null,
                  "code": "const result = words('     ');\nexpect(result).to.deep.equal([]);",
                  "err": {},
                  "uuid": "b910fb0d-e0d6-4c7d-8b24-f470bb0faf48",
                  "parentUUID": "dcd5d5c8-1560-4d1d-96c2-f68a3ed67e9b",
                  "isHook": false,
                  "skipped": false
                },
                {
                  "title": "should handle strings with multiple consecutive delimiters",
                  "fullTitle": "Test suite for words.js edge cases should handle strings with multiple consecutive delimiters",
                  "timedOut": false,
                  "duration": 0,
                  "state": "passed",
                  "speed": "fast",
                  "pass": true,
                  "fail": false,
                  "pending": false,
                  "context": null,
                  "code": "const result = words('hello;;;world');\nexpect(result).to.deep.equal(['hello', 'world']);",
                  "err": {},
                  "uuid": "a7c29ed3-e6dc-4f57-94ef-b1fdeb3b67ca",
                  "parentUUID": "dcd5d5c8-1560-4d1d-96c2-f68a3ed67e9b",
                  "isHook": false,
                  "skipped": false
                },
                {
                  "title": "should preserve word order",
                  "fullTitle": "Test suite for words.js edge cases should preserve word order",
                  "timedOut": false,
                  "duration": 0,
                  "state": "passed",
                  "speed": "fast",
                  "pass": true,
                  "fail": false,
                  "pending": false,
                  "context": null,
                  "code": "const result = words('zebra apple banana');\nexpect(result).to.deep.equal(['zebra', 'apple', 'banana']);",
                  "err": {},
                  "uuid": "9c30ce0f-1997-4deb-9cd0-b367e3ca6d3b",
                  "parentUUID": "dcd5d5c8-1560-4d1d-96c2-f68a3ed67e9b",
                  "isHook": false,
                  "skipped": false
                },
                {
                  "title": "should handle single character words",
                  "fullTitle": "Test suite for words.js edge cases should handle single character words",
                  "timedOut": false,
                  "duration": 0,
                  "state": "passed",
                  "speed": "fast",
                  "pass": true,
                  "fail": false,
                  "pending": false,
                  "context": null,
                  "code": "const result = words('a b c');\nexpect(result).to.deep.equal(['a', 'b', 'c']);",
                  "err": {},
                  "uuid": "2f1265ce-a880-4a5d-a64b-68a6a906a125",
                  "parentUUID": "dcd5d5c8-1560-4d1d-96c2-f68a3ed67e9b",
                  "isHook": false,
                  "skipped": false
                },
                {
                  "title": "should handle mixed numbers and letters",
                  "fullTitle": "Test suite for words.js edge cases should handle mixed numbers and letters",
                  "timedOut": false,
                  "duration": 0,
                  "state": "passed",
                  "speed": "fast",
                  "pass": true,
                  "fail": false,
                  "pending": false,
                  "context": null,
                  "code": "const result = words('a1b2c3');\nexpect(result).to.deep.equal(['a', '1', 'b', '2', 'c', '3']);",
                  "err": {},
                  "uuid": "1e2b09e1-7477-49e0-80f1-c1a48e2a30d9",
                  "parentUUID": "dcd5d5c8-1560-4d1d-96c2-f68a3ed67e9b",
                  "isHook": false,
                  "skipped": false
                }
              ],
              "suites": [],
              "passes": [
                "b910fb0d-e0d6-4c7d-8b24-f470bb0faf48",
                "a7c29ed3-e6dc-4f57-94ef-b1fdeb3b67ca",
                "9c30ce0f-1997-4deb-9cd0-b367e3ca6d3b",
                "2f1265ce-a880-4a5d-a64b-68a6a906a125",
                "1e2b09e1-7477-49e0-80f1-c1a48e2a30d9"
              ],
              "failures": [],
              "pending": [],
              "skipped": [],
              "duration": 0,
              "root": false,
              "rootEmpty": false,
              "_timeout": 2000
            }
          ],
          "passes": [],
          "failures": [],
          "pending": [],
          "skipped": [],
          "duration": 0,
          "root": false,
          "rootEmpty": false,
          "_timeout": 2000
        }
      ],
      "passes": [],
      "failures": [],
      "pending": [],
      "skipped": [],
      "duration": 0,
      "root": true,
      "rootEmpty": true,
      "_timeout": 2000
    }
  ],
  "meta": {
    "mocha": {
      "version": "10.8.2"
    },
    "mochawesome": {
      "options": {
        "quiet": false,
        "reportFilename": "mochawesome",
        "saveHtml": true,
        "saveJson": true,
        "consoleReporter": "spec",
        "useInlineDiffs": false,
        "code": true
      },
      "version": "7.1.4"
    },
    "marge": {
      "options": null,
      "version": "6.3.2"
    }
  }
}