{
  "stats": {
    "suites": 71,
    "tests": 295,
    "passes": 283,
    "pending": 0,
    "failures": 12,
    "start": "2025-12-12T18:10:34.391Z",
    "end": "2025-12-12T18:10:34.549Z",
    "duration": 158,
    "testsRegistered": 295,
    "passPercent": 95.9322033898305,
    "pendingPercent": 0,
    "other": 0,
    "hasOther": false,
    "skipped": 0,
    "hasSkipped": false
  },
  "results": [
    {
      "uuid": "db3c754e-8f57-437d-9af7-05d915311dbc",
      "title": "",
      "fullFile": "",
      "file": "",
      "beforeHooks": [],
      "afterHooks": [],
      "tests": [],
      "suites": [
        {
          "uuid": "d19ee394-e8fe-460a-9da0-18c9499c56ad",
          "title": "Test suite for add.js according to the test plan with some alterations",
          "fullFile": "C:\\SoftwareTesting\\test\\add.test.js",
          "file": "\\test\\add.test.js",
          "beforeHooks": [],
          "afterHooks": [],
          "tests": [
            {
              "title": "should add two positive numbers correctly",
              "fullTitle": "Test suite for add.js according to the test plan with some alterations should add two positive numbers correctly",
              "timedOut": false,
              "duration": 0,
              "state": "passed",
              "speed": "fast",
              "pass": true,
              "fail": false,
              "pending": false,
              "context": null,
              "code": "expect(add(2, 2)).to.equal(4);",
              "err": {},
              "uuid": "b1e0d339-dc51-4802-8fed-6c513c55f94b",
              "parentUUID": "d19ee394-e8fe-460a-9da0-18c9499c56ad",
              "isHook": false,
              "skipped": false
            },
            {
              "title": "should add a positive and a negative number correctly",
              "fullTitle": "Test suite for add.js according to the test plan with some alterations should add a positive and a negative number correctly",
              "timedOut": false,
              "duration": 1,
              "state": "passed",
              "speed": "fast",
              "pass": true,
              "fail": false,
              "pending": false,
              "context": null,
              "code": "expect(add(5, -3)).to.equal(2);",
              "err": {},
              "uuid": "ea619060-a9bc-4986-80fb-570d27c6a827",
              "parentUUID": "d19ee394-e8fe-460a-9da0-18c9499c56ad",
              "isHook": false,
              "skipped": false
            },
            {
              "title": "should return the other number when one argument is undefined",
              "fullTitle": "Test suite for add.js according to the test plan with some alterations should return the other number when one argument is undefined",
              "timedOut": false,
              "duration": 1,
              "state": "passed",
              "speed": "fast",
              "pass": true,
              "fail": false,
              "pending": false,
              "context": null,
              "code": "expect(add(undefined, 7)).to.equal(7);\nexpect(add(10, undefined)).to.equal(10);",
              "err": {},
              "uuid": "1f894c9a-47a9-49fe-a751-575a23ba349e",
              "parentUUID": "d19ee394-e8fe-460a-9da0-18c9499c56ad",
              "isHook": false,
              "skipped": false
            },
            {
              "title": "should return default value (0) when both arguments are undefined",
              "fullTitle": "Test suite for add.js according to the test plan with some alterations should return default value (0) when both arguments are undefined",
              "timedOut": false,
              "duration": 0,
              "state": "passed",
              "speed": "fast",
              "pass": true,
              "fail": false,
              "pending": false,
              "context": null,
              "code": "expect(add(undefined, undefined)).to.equal(0);",
              "err": {},
              "uuid": "0058fe4f-86e2-45ab-9daf-971fdee2f258",
              "parentUUID": "d19ee394-e8fe-460a-9da0-18c9499c56ad",
              "isHook": false,
              "skipped": false
            },
            {
              "title": "should handle string inputs that can be converted to numbers",
              "fullTitle": "Test suite for add.js according to the test plan with some alterations should handle string inputs that can be converted to numbers",
              "timedOut": false,
              "duration": 1,
              "state": "passed",
              "speed": "fast",
              "pass": true,
              "fail": false,
              "pending": false,
              "context": null,
              "code": "expect(add('4', '6')).to.equal('46');\nexpect(add('3', 7)).to.equal('37');\nexpect(add(5, '5')).to.equal('55');",
              "err": {},
              "uuid": "dd34a33a-d352-49fb-b6d2-f93528ed2a1c",
              "parentUUID": "d19ee394-e8fe-460a-9da0-18c9499c56ad",
              "isHook": false,
              "skipped": false
            },
            {
              "title": "should handle non-numeric strings by treating them as NaN",
              "fullTitle": "Test suite for add.js according to the test plan with some alterations should handle non-numeric strings by treating them as NaN",
              "timedOut": false,
              "duration": 0,
              "state": "passed",
              "speed": "fast",
              "pass": true,
              "fail": false,
              "pending": false,
              "context": null,
              "code": "expect(add('a', 5)).to.equal('a5');\nexpect(add(5, 'b')).to.equal('5b');\nexpect(add('x', 'y')).to.equal('xy');",
              "err": {},
              "uuid": "f5678f68-446e-496c-b0ea-7c1196425bce",
              "parentUUID": "d19ee394-e8fe-460a-9da0-18c9499c56ad",
              "isHook": false,
              "skipped": false
            },
            {
              "title": "should handle null values as 0",
              "fullTitle": "Test suite for add.js according to the test plan with some alterations should handle null values as 0",
              "timedOut": false,
              "duration": 0,
              "state": "passed",
              "speed": "fast",
              "pass": true,
              "fail": false,
              "pending": false,
              "context": null,
              "code": "expect(add(null, 5)).to.equal(5);\nexpect(add(5, null)).to.equal(5);\nexpect(add(null, null)).to.equal(0);",
              "err": {},
              "uuid": "bb5e7e62-0f3e-4548-8ffe-5d5a4017ffd4",
              "parentUUID": "d19ee394-e8fe-460a-9da0-18c9499c56ad",
              "isHook": false,
              "skipped": false
            },
            {
              "title": "should add two negative numbers correctly",
              "fullTitle": "Test suite for add.js according to the test plan with some alterations should add two negative numbers correctly",
              "timedOut": false,
              "duration": 0,
              "state": "passed",
              "speed": "fast",
              "pass": true,
              "fail": false,
              "pending": false,
              "context": null,
              "code": "expect(add(-4, -6)).to.equal(-10);",
              "err": {},
              "uuid": "766b2fa6-81bf-4d9a-a187-4e9524785b7d",
              "parentUUID": "d19ee394-e8fe-460a-9da0-18c9499c56ad",
              "isHook": false,
              "skipped": false
            }
          ],
          "suites": [],
          "passes": [
            "b1e0d339-dc51-4802-8fed-6c513c55f94b",
            "ea619060-a9bc-4986-80fb-570d27c6a827",
            "1f894c9a-47a9-49fe-a751-575a23ba349e",
            "0058fe4f-86e2-45ab-9daf-971fdee2f258",
            "dd34a33a-d352-49fb-b6d2-f93528ed2a1c",
            "f5678f68-446e-496c-b0ea-7c1196425bce",
            "bb5e7e62-0f3e-4548-8ffe-5d5a4017ffd4",
            "766b2fa6-81bf-4d9a-a187-4e9524785b7d"
          ],
          "failures": [],
          "pending": [],
          "skipped": [],
          "duration": 3,
          "root": false,
          "rootEmpty": false,
          "_timeout": 2000
        },
        {
          "uuid": "39cf4674-47b6-458c-adc7-3af5127342cc",
          "title": "Test Suite for add.js made by AI",
          "fullFile": "C:\\SoftwareTesting\\test\\add.test.js",
          "file": "\\test\\add.test.js",
          "beforeHooks": [],
          "afterHooks": [],
          "tests": [],
          "suites": [
            {
              "uuid": "37352795-4310-4210-a929-384bc8ab7c58",
              "title": "Basic Positive Integer Addition",
              "fullFile": "C:\\SoftwareTesting\\test\\add.test.js",
              "file": "\\test\\add.test.js",
              "beforeHooks": [],
              "afterHooks": [],
              "tests": [
                {
                  "title": "should add two small positive integers",
                  "fullTitle": "Test Suite for add.js made by AI Basic Positive Integer Addition should add two small positive integers",
                  "timedOut": false,
                  "duration": 0,
                  "state": "passed",
                  "speed": "fast",
                  "pass": true,
                  "fail": false,
                  "pending": false,
                  "context": null,
                  "code": "expect(add(2, 2)).to.equal(4);",
                  "err": {},
                  "uuid": "372fe0a1-6135-4a2a-a98a-758618025d49",
                  "parentUUID": "37352795-4310-4210-a929-384bc8ab7c58",
                  "isHook": false,
                  "skipped": false
                },
                {
                  "title": "should add larger positive integers",
                  "fullTitle": "Test Suite for add.js made by AI Basic Positive Integer Addition should add larger positive integers",
                  "timedOut": false,
                  "duration": 0,
                  "state": "passed",
                  "speed": "fast",
                  "pass": true,
                  "fail": false,
                  "pending": false,
                  "context": null,
                  "code": "expect(add(100, 50)).to.equal(150);",
                  "err": {},
                  "uuid": "ee0007ec-3e6d-47ef-8dc6-eb13c0f2fefa",
                  "parentUUID": "37352795-4310-4210-a929-384bc8ab7c58",
                  "isHook": false,
                  "skipped": false
                },
                {
                  "title": "should add when first number is larger",
                  "fullTitle": "Test Suite for add.js made by AI Basic Positive Integer Addition should add when first number is larger",
                  "timedOut": false,
                  "duration": 0,
                  "state": "passed",
                  "speed": "fast",
                  "pass": true,
                  "fail": false,
                  "pending": false,
                  "context": null,
                  "code": "expect(add(20, 5)).to.equal(25);",
                  "err": {},
                  "uuid": "9466d71b-e80c-46c6-ae60-79c5fc163b05",
                  "parentUUID": "37352795-4310-4210-a929-384bc8ab7c58",
                  "isHook": false,
                  "skipped": false
                },
                {
                  "title": "should add when second number is larger",
                  "fullTitle": "Test Suite for add.js made by AI Basic Positive Integer Addition should add when second number is larger",
                  "timedOut": false,
                  "duration": 0,
                  "state": "passed",
                  "speed": "fast",
                  "pass": true,
                  "fail": false,
                  "pending": false,
                  "context": null,
                  "code": "expect(add(5, 20)).to.equal(25);",
                  "err": {},
                  "uuid": "51f9f066-30b0-40ad-aae4-b77efea0e626",
                  "parentUUID": "37352795-4310-4210-a929-384bc8ab7c58",
                  "isHook": false,
                  "skipped": false
                },
                {
                  "title": "should handle addition with zero",
                  "fullTitle": "Test Suite for add.js made by AI Basic Positive Integer Addition should handle addition with zero",
                  "timedOut": false,
                  "duration": 0,
                  "state": "passed",
                  "speed": "fast",
                  "pass": true,
                  "fail": false,
                  "pending": false,
                  "context": null,
                  "code": "expect(add(10, 0)).to.equal(10);\nexpect(add(0, 10)).to.equal(10);",
                  "err": {},
                  "uuid": "601022a2-8c90-43df-b3f5-ba0178d5fbc2",
                  "parentUUID": "37352795-4310-4210-a929-384bc8ab7c58",
                  "isHook": false,
                  "skipped": false
                },
                {
                  "title": "should add zero to zero",
                  "fullTitle": "Test Suite for add.js made by AI Basic Positive Integer Addition should add zero to zero",
                  "timedOut": false,
                  "duration": 0,
                  "state": "passed",
                  "speed": "fast",
                  "pass": true,
                  "fail": false,
                  "pending": false,
                  "context": null,
                  "code": "expect(add(0, 0)).to.equal(0);",
                  "err": {},
                  "uuid": "3c35e3ac-ec55-41cf-aa2c-a20d17f4a6cd",
                  "parentUUID": "37352795-4310-4210-a929-384bc8ab7c58",
                  "isHook": false,
                  "skipped": false
                }
              ],
              "suites": [],
              "passes": [
                "372fe0a1-6135-4a2a-a98a-758618025d49",
                "ee0007ec-3e6d-47ef-8dc6-eb13c0f2fefa",
                "9466d71b-e80c-46c6-ae60-79c5fc163b05",
                "51f9f066-30b0-40ad-aae4-b77efea0e626",
                "601022a2-8c90-43df-b3f5-ba0178d5fbc2",
                "3c35e3ac-ec55-41cf-aa2c-a20d17f4a6cd"
              ],
              "failures": [],
              "pending": [],
              "skipped": [],
              "duration": 0,
              "root": false,
              "rootEmpty": false,
              "_timeout": 2000
            },
            {
              "uuid": "5b09af85-4264-40b0-b776-d691c4ad6564",
              "title": "Negative Integer Addition",
              "fullFile": "C:\\SoftwareTesting\\test\\add.test.js",
              "file": "\\test\\add.test.js",
              "beforeHooks": [],
              "afterHooks": [],
              "tests": [
                {
                  "title": "should add two negative numbers",
                  "fullTitle": "Test Suite for add.js made by AI Negative Integer Addition should add two negative numbers",
                  "timedOut": false,
                  "duration": 0,
                  "state": "passed",
                  "speed": "fast",
                  "pass": true,
                  "fail": false,
                  "pending": false,
                  "context": null,
                  "code": "expect(add(-4, -6)).to.equal(-10);",
                  "err": {},
                  "uuid": "26513730-aba1-4c38-8668-c0463c22aa0b",
                  "parentUUID": "5b09af85-4264-40b0-b776-d691c4ad6564",
                  "isHook": false,
                  "skipped": false
                },
                {
                  "title": "should add two large negative numbers",
                  "fullTitle": "Test Suite for add.js made by AI Negative Integer Addition should add two large negative numbers",
                  "timedOut": false,
                  "duration": 1,
                  "state": "passed",
                  "speed": "fast",
                  "pass": true,
                  "fail": false,
                  "pending": false,
                  "context": null,
                  "code": "expect(add(-100, -50)).to.equal(-150);",
                  "err": {},
                  "uuid": "461ae347-3b4f-42d0-9ef0-d84515c6f6c4",
                  "parentUUID": "5b09af85-4264-40b0-b776-d691c4ad6564",
                  "isHook": false,
                  "skipped": false
                },
                {
                  "title": "should handle zero and negative number",
                  "fullTitle": "Test Suite for add.js made by AI Negative Integer Addition should handle zero and negative number",
                  "timedOut": false,
                  "duration": 0,
                  "state": "passed",
                  "speed": "fast",
                  "pass": true,
                  "fail": false,
                  "pending": false,
                  "context": null,
                  "code": "expect(add(0, -5)).to.equal(-5);\nexpect(add(-5, 0)).to.equal(-5);",
                  "err": {},
                  "uuid": "8fe0c86d-f035-41f7-a151-9aff4149f2ff",
                  "parentUUID": "5b09af85-4264-40b0-b776-d691c4ad6564",
                  "isHook": false,
                  "skipped": false
                }
              ],
              "suites": [],
              "passes": [
                "26513730-aba1-4c38-8668-c0463c22aa0b",
                "461ae347-3b4f-42d0-9ef0-d84515c6f6c4",
                "8fe0c86d-f035-41f7-a151-9aff4149f2ff"
              ],
              "failures": [],
              "pending": [],
              "skipped": [],
              "duration": 1,
              "root": false,
              "rootEmpty": false,
              "_timeout": 2000
            },
            {
              "uuid": "2f117fd3-f59c-494f-a2f2-5d956cb9a40e",
              "title": "Mixed Sign Addition",
              "fullFile": "C:\\SoftwareTesting\\test\\add.test.js",
              "file": "\\test\\add.test.js",
              "beforeHooks": [],
              "afterHooks": [],
              "tests": [
                {
                  "title": "should add positive and negative where result is positive",
                  "fullTitle": "Test Suite for add.js made by AI Mixed Sign Addition should add positive and negative where result is positive",
                  "timedOut": false,
                  "duration": 0,
                  "state": "passed",
                  "speed": "fast",
                  "pass": true,
                  "fail": false,
                  "pending": false,
                  "context": null,
                  "code": "expect(add(10, -3)).to.equal(7);",
                  "err": {},
                  "uuid": "a474833e-705c-4143-bb2c-1618bcdb95b0",
                  "parentUUID": "2f117fd3-f59c-494f-a2f2-5d956cb9a40e",
                  "isHook": false,
                  "skipped": false
                },
                {
                  "title": "should add positive and negative where result is negative",
                  "fullTitle": "Test Suite for add.js made by AI Mixed Sign Addition should add positive and negative where result is negative",
                  "timedOut": false,
                  "duration": 0,
                  "state": "passed",
                  "speed": "fast",
                  "pass": true,
                  "fail": false,
                  "pending": false,
                  "context": null,
                  "code": "expect(add(5, -10)).to.equal(-5);",
                  "err": {},
                  "uuid": "7db1d67f-6868-474e-9ce3-740570b82dfa",
                  "parentUUID": "2f117fd3-f59c-494f-a2f2-5d956cb9a40e",
                  "isHook": false,
                  "skipped": false
                },
                {
                  "title": "should add positive and negative where result is zero",
                  "fullTitle": "Test Suite for add.js made by AI Mixed Sign Addition should add positive and negative where result is zero",
                  "timedOut": false,
                  "duration": 0,
                  "state": "passed",
                  "speed": "fast",
                  "pass": true,
                  "fail": false,
                  "pending": false,
                  "context": null,
                  "code": "expect(add(5, -5)).to.equal(0);",
                  "err": {},
                  "uuid": "27dcb2da-7aec-485a-8421-042fce6caf18",
                  "parentUUID": "2f117fd3-f59c-494f-a2f2-5d956cb9a40e",
                  "isHook": false,
                  "skipped": false
                },
                {
                  "title": "should add negative and positive in either order",
                  "fullTitle": "Test Suite for add.js made by AI Mixed Sign Addition should add negative and positive in either order",
                  "timedOut": false,
                  "duration": 0,
                  "state": "passed",
                  "speed": "fast",
                  "pass": true,
                  "fail": false,
                  "pending": false,
                  "context": null,
                  "code": "expect(add(-3, 10)).to.equal(7);\nexpect(add(10, -3)).to.equal(7);",
                  "err": {},
                  "uuid": "324eeafd-0e69-4a3e-814e-9cf97235c56e",
                  "parentUUID": "2f117fd3-f59c-494f-a2f2-5d956cb9a40e",
                  "isHook": false,
                  "skipped": false
                },
                {
                  "title": "should handle large magnitude differences",
                  "fullTitle": "Test Suite for add.js made by AI Mixed Sign Addition should handle large magnitude differences",
                  "timedOut": false,
                  "duration": 0,
                  "state": "passed",
                  "speed": "fast",
                  "pass": true,
                  "fail": false,
                  "pending": false,
                  "context": null,
                  "code": "expect(add(1000, -1)).to.equal(999);\nexpect(add(1, -1000)).to.equal(-999);",
                  "err": {},
                  "uuid": "4d05bd29-bb7a-4cd3-94fa-66e20799f138",
                  "parentUUID": "2f117fd3-f59c-494f-a2f2-5d956cb9a40e",
                  "isHook": false,
                  "skipped": false
                }
              ],
              "suites": [],
              "passes": [
                "a474833e-705c-4143-bb2c-1618bcdb95b0",
                "7db1d67f-6868-474e-9ce3-740570b82dfa",
                "27dcb2da-7aec-485a-8421-042fce6caf18",
                "324eeafd-0e69-4a3e-814e-9cf97235c56e",
                "4d05bd29-bb7a-4cd3-94fa-66e20799f138"
              ],
              "failures": [],
              "pending": [],
              "skipped": [],
              "duration": 0,
              "root": false,
              "rootEmpty": false,
              "_timeout": 2000
            },
            {
              "uuid": "140e6687-8d6e-45fe-bf22-fa3c9199de77",
              "title": "Decimal and Floating-Point Numbers",
              "fullFile": "C:\\SoftwareTesting\\test\\add.test.js",
              "file": "\\test\\add.test.js",
              "beforeHooks": [],
              "afterHooks": [],
              "tests": [
                {
                  "title": "should add two decimal numbers",
                  "fullTitle": "Test Suite for add.js made by AI Decimal and Floating-Point Numbers should add two decimal numbers",
                  "timedOut": false,
                  "duration": 0,
                  "state": "passed",
                  "speed": "fast",
                  "pass": true,
                  "fail": false,
                  "pending": false,
                  "context": null,
                  "code": "expect(add(1.5, 2.5)).to.equal(4);",
                  "err": {},
                  "uuid": "6d6f1092-98e8-4b65-aab8-201188ea6874",
                  "parentUUID": "140e6687-8d6e-45fe-bf22-fa3c9199de77",
                  "isHook": false,
                  "skipped": false
                },
                {
                  "title": "should add decimal and integer",
                  "fullTitle": "Test Suite for add.js made by AI Decimal and Floating-Point Numbers should add decimal and integer",
                  "timedOut": false,
                  "duration": 0,
                  "state": "passed",
                  "speed": "fast",
                  "pass": true,
                  "fail": false,
                  "pending": false,
                  "context": null,
                  "code": "expect(add(3.5, 2)).to.be.closeTo(5.5, 0.0001);",
                  "err": {},
                  "uuid": "fb795619-593b-4c73-93f3-3885f895a3cc",
                  "parentUUID": "140e6687-8d6e-45fe-bf22-fa3c9199de77",
                  "isHook": false,
                  "skipped": false
                },
                {
                  "title": "should add integer and decimal",
                  "fullTitle": "Test Suite for add.js made by AI Decimal and Floating-Point Numbers should add integer and decimal",
                  "timedOut": false,
                  "duration": 0,
                  "state": "passed",
                  "speed": "fast",
                  "pass": true,
                  "fail": false,
                  "pending": false,
                  "context": null,
                  "code": "expect(add(2, 3.5)).to.be.closeTo(5.5, 0.0001);",
                  "err": {},
                  "uuid": "feaced77-bb8b-4252-a33c-0bd6b7ade164",
                  "parentUUID": "140e6687-8d6e-45fe-bf22-fa3c9199de77",
                  "isHook": false,
                  "skipped": false
                },
                {
                  "title": "should handle negative decimals",
                  "fullTitle": "Test Suite for add.js made by AI Decimal and Floating-Point Numbers should handle negative decimals",
                  "timedOut": false,
                  "duration": 0,
                  "state": "passed",
                  "speed": "fast",
                  "pass": true,
                  "fail": false,
                  "pending": false,
                  "context": null,
                  "code": "expect(add(-1.5, -2.5)).to.equal(-4);",
                  "err": {},
                  "uuid": "bfd89784-2656-49ad-9bfe-34c64d1787e0",
                  "parentUUID": "140e6687-8d6e-45fe-bf22-fa3c9199de77",
                  "isHook": false,
                  "skipped": false
                },
                {
                  "title": "should add positive and negative decimals",
                  "fullTitle": "Test Suite for add.js made by AI Decimal and Floating-Point Numbers should add positive and negative decimals",
                  "timedOut": false,
                  "duration": 0,
                  "state": "passed",
                  "speed": "fast",
                  "pass": true,
                  "fail": false,
                  "pending": false,
                  "context": null,
                  "code": "expect(add(5.7, -3.2)).to.be.closeTo(2.5, 0.0001);",
                  "err": {},
                  "uuid": "77f48c20-e20c-4b4d-859c-7f5c63d17204",
                  "parentUUID": "140e6687-8d6e-45fe-bf22-fa3c9199de77",
                  "isHook": false,
                  "skipped": false
                },
                {
                  "title": "should handle very small decimal values",
                  "fullTitle": "Test Suite for add.js made by AI Decimal and Floating-Point Numbers should handle very small decimal values",
                  "timedOut": false,
                  "duration": 0,
                  "state": "passed",
                  "speed": "fast",
                  "pass": true,
                  "fail": false,
                  "pending": false,
                  "context": null,
                  "code": "expect(add(0.1, 0.2)).to.be.closeTo(0.3, 0.0001);",
                  "err": {},
                  "uuid": "2149aca3-3343-4a9a-b0ce-b147c936f67e",
                  "parentUUID": "140e6687-8d6e-45fe-bf22-fa3c9199de77",
                  "isHook": false,
                  "skipped": false
                },
                {
                  "title": "should handle many decimal places",
                  "fullTitle": "Test Suite for add.js made by AI Decimal and Floating-Point Numbers should handle many decimal places",
                  "timedOut": false,
                  "duration": 0,
                  "state": "passed",
                  "speed": "fast",
                  "pass": true,
                  "fail": false,
                  "pending": false,
                  "context": null,
                  "code": "expect(add(1.111, 2.222)).to.be.closeTo(3.333, 0.0001);",
                  "err": {},
                  "uuid": "8d5e3993-7d8e-4620-9e42-07c977dcffa6",
                  "parentUUID": "140e6687-8d6e-45fe-bf22-fa3c9199de77",
                  "isHook": false,
                  "skipped": false
                },
                {
                  "title": "should handle decimals close to zero",
                  "fullTitle": "Test Suite for add.js made by AI Decimal and Floating-Point Numbers should handle decimals close to zero",
                  "timedOut": false,
                  "duration": 0,
                  "state": "passed",
                  "speed": "fast",
                  "pass": true,
                  "fail": false,
                  "pending": false,
                  "context": null,
                  "code": "expect(add(0.0001, 0.0002)).to.be.closeTo(0.0003, 0.00001);",
                  "err": {},
                  "uuid": "47451b32-0d9a-4661-b94b-deae7fca56fc",
                  "parentUUID": "140e6687-8d6e-45fe-bf22-fa3c9199de77",
                  "isHook": false,
                  "skipped": false
                }
              ],
              "suites": [],
              "passes": [
                "6d6f1092-98e8-4b65-aab8-201188ea6874",
                "fb795619-593b-4c73-93f3-3885f895a3cc",
                "feaced77-bb8b-4252-a33c-0bd6b7ade164",
                "bfd89784-2656-49ad-9bfe-34c64d1787e0",
                "77f48c20-e20c-4b4d-859c-7f5c63d17204",
                "2149aca3-3343-4a9a-b0ce-b147c936f67e",
                "8d5e3993-7d8e-4620-9e42-07c977dcffa6",
                "47451b32-0d9a-4661-b94b-deae7fca56fc"
              ],
              "failures": [],
              "pending": [],
              "skipped": [],
              "duration": 0,
              "root": false,
              "rootEmpty": false,
              "_timeout": 2000
            },
            {
              "uuid": "6593a6e3-a70f-439c-8bd9-2cff680942b8",
              "title": "String Input Conversion",
              "fullFile": "C:\\SoftwareTesting\\test\\add.test.js",
              "file": "\\test\\add.test.js",
              "beforeHooks": [],
              "afterHooks": [],
              "tests": [
                {
                  "title": "should add two numeric strings",
                  "fullTitle": "Test Suite for add.js made by AI String Input Conversion should add two numeric strings",
                  "timedOut": false,
                  "duration": 0,
                  "state": "passed",
                  "speed": "fast",
                  "pass": true,
                  "fail": false,
                  "pending": false,
                  "context": null,
                  "code": "expect(add('5', '3')).to.equal('53');",
                  "err": {},
                  "uuid": "c9451058-2941-452f-b15d-c22f2608eeda",
                  "parentUUID": "6593a6e3-a70f-439c-8bd9-2cff680942b8",
                  "isHook": false,
                  "skipped": false
                },
                {
                  "title": "should add numeric string and number",
                  "fullTitle": "Test Suite for add.js made by AI String Input Conversion should add numeric string and number",
                  "timedOut": false,
                  "duration": 0,
                  "state": "passed",
                  "speed": "fast",
                  "pass": true,
                  "fail": false,
                  "pending": false,
                  "context": null,
                  "code": "expect(add('10', 5)).to.equal('105');",
                  "err": {},
                  "uuid": "a892da04-4864-4f38-a724-389cdea7c801",
                  "parentUUID": "6593a6e3-a70f-439c-8bd9-2cff680942b8",
                  "isHook": false,
                  "skipped": false
                },
                {
                  "title": "should add number and numeric string",
                  "fullTitle": "Test Suite for add.js made by AI String Input Conversion should add number and numeric string",
                  "timedOut": false,
                  "duration": 0,
                  "state": "passed",
                  "speed": "fast",
                  "pass": true,
                  "fail": false,
                  "pending": false,
                  "context": null,
                  "code": "expect(add(7, '3')).to.equal('73');",
                  "err": {},
                  "uuid": "98050473-e434-43bc-a68b-9eaa23ada59c",
                  "parentUUID": "6593a6e3-a70f-439c-8bd9-2cff680942b8",
                  "isHook": false,
                  "skipped": false
                },
                {
                  "title": "should handle string with decimal point",
                  "fullTitle": "Test Suite for add.js made by AI String Input Conversion should handle string with decimal point",
                  "timedOut": false,
                  "duration": 0,
                  "state": "passed",
                  "speed": "fast",
                  "pass": true,
                  "fail": false,
                  "pending": false,
                  "context": null,
                  "code": "expect(add('2.5', '3.5')).to.equal('2.53.5');",
                  "err": {},
                  "uuid": "15496d74-3eb5-4c06-9c95-dc6d3b50199a",
                  "parentUUID": "6593a6e3-a70f-439c-8bd9-2cff680942b8",
                  "isHook": false,
                  "skipped": false
                },
                {
                  "title": "should handle negative number strings",
                  "fullTitle": "Test Suite for add.js made by AI String Input Conversion should handle negative number strings",
                  "timedOut": false,
                  "duration": 0,
                  "state": "passed",
                  "speed": "fast",
                  "pass": true,
                  "fail": false,
                  "pending": false,
                  "context": null,
                  "code": "expect(add('-5', '-3')).to.equal('-5-3');",
                  "err": {},
                  "uuid": "9f195b3b-5dd4-4034-8259-2832e6e543fd",
                  "parentUUID": "6593a6e3-a70f-439c-8bd9-2cff680942b8",
                  "isHook": false,
                  "skipped": false
                },
                {
                  "title": "should handle mixed sign string numbers",
                  "fullTitle": "Test Suite for add.js made by AI String Input Conversion should handle mixed sign string numbers",
                  "timedOut": false,
                  "duration": 0,
                  "state": "passed",
                  "speed": "fast",
                  "pass": true,
                  "fail": false,
                  "pending": false,
                  "context": null,
                  "code": "expect(add('-5', '10')).to.equal('-510');",
                  "err": {},
                  "uuid": "67d2b1f1-47ad-47cc-8bdb-88debb11ada5",
                  "parentUUID": "6593a6e3-a70f-439c-8bd9-2cff680942b8",
                  "isHook": false,
                  "skipped": false
                },
                {
                  "title": "should add empty string to a number",
                  "fullTitle": "Test Suite for add.js made by AI String Input Conversion should add empty string to a number",
                  "timedOut": false,
                  "duration": 1,
                  "state": "passed",
                  "speed": "fast",
                  "pass": true,
                  "fail": false,
                  "pending": false,
                  "context": null,
                  "code": "expect(add('', 5)).to.equal('5');\nexpect(add(5, '')).to.equal('5');",
                  "err": {},
                  "uuid": "e13f08a8-5035-4524-8b4a-bf638c46cc8a",
                  "parentUUID": "6593a6e3-a70f-439c-8bd9-2cff680942b8",
                  "isHook": false,
                  "skipped": false
                },
                {
                  "title": "should handle string zero",
                  "fullTitle": "Test Suite for add.js made by AI String Input Conversion should handle string zero",
                  "timedOut": false,
                  "duration": 0,
                  "state": "passed",
                  "speed": "fast",
                  "pass": true,
                  "fail": false,
                  "pending": false,
                  "context": null,
                  "code": "expect(add('0', 5)).to.equal('05');\nexpect(add(5, '0')).to.equal('50');",
                  "err": {},
                  "uuid": "6f04a2ea-d040-4052-95c9-ba698522d7fd",
                  "parentUUID": "6593a6e3-a70f-439c-8bd9-2cff680942b8",
                  "isHook": false,
                  "skipped": false
                },
                {
                  "title": "should handle non-numeric strings as NaN",
                  "fullTitle": "Test Suite for add.js made by AI String Input Conversion should handle non-numeric strings as NaN",
                  "timedOut": false,
                  "duration": 0,
                  "state": "passed",
                  "speed": "fast",
                  "pass": true,
                  "fail": false,
                  "pending": false,
                  "context": null,
                  "code": "expect(add('a', 5)).to.equal('a5');\nexpect(add(5, 'b')).to.equal('5b');\nexpect(add('x', 'y')).to.equal('xy');",
                  "err": {},
                  "uuid": "d6e9efd5-860e-485e-bb4f-c8f009b90117",
                  "parentUUID": "6593a6e3-a70f-439c-8bd9-2cff680942b8",
                  "isHook": false,
                  "skipped": false
                },
                {
                  "title": "should handle alphanumeric strings as NaN",
                  "fullTitle": "Test Suite for add.js made by AI String Input Conversion should handle alphanumeric strings as NaN",
                  "timedOut": false,
                  "duration": 0,
                  "state": "passed",
                  "speed": "fast",
                  "pass": true,
                  "fail": false,
                  "pending": false,
                  "context": null,
                  "code": "expect(add('5a', 5)).to.equal('5a5');\nexpect(add(5, '5b')).to.equal('55b');",
                  "err": {},
                  "uuid": "6e82635f-a8de-4eca-b61f-1f6c7f06e245",
                  "parentUUID": "6593a6e3-a70f-439c-8bd9-2cff680942b8",
                  "isHook": false,
                  "skipped": false
                },
                {
                  "title": "should handle string with special characters as NaN",
                  "fullTitle": "Test Suite for add.js made by AI String Input Conversion should handle string with special characters as NaN",
                  "timedOut": false,
                  "duration": 0,
                  "state": "passed",
                  "speed": "fast",
                  "pass": true,
                  "fail": false,
                  "pending": false,
                  "context": null,
                  "code": "expect(add('5@', 3)).to.equal('5@3');\nexpect(add(3, '#5')).to.equal('3#5');",
                  "err": {},
                  "uuid": "9b4758de-e633-4533-8738-a20a3141a07c",
                  "parentUUID": "6593a6e3-a70f-439c-8bd9-2cff680942b8",
                  "isHook": false,
                  "skipped": false
                }
              ],
              "suites": [],
              "passes": [
                "c9451058-2941-452f-b15d-c22f2608eeda",
                "a892da04-4864-4f38-a724-389cdea7c801",
                "98050473-e434-43bc-a68b-9eaa23ada59c",
                "15496d74-3eb5-4c06-9c95-dc6d3b50199a",
                "9f195b3b-5dd4-4034-8259-2832e6e543fd",
                "67d2b1f1-47ad-47cc-8bdb-88debb11ada5",
                "e13f08a8-5035-4524-8b4a-bf638c46cc8a",
                "6f04a2ea-d040-4052-95c9-ba698522d7fd",
                "d6e9efd5-860e-485e-bb4f-c8f009b90117",
                "6e82635f-a8de-4eca-b61f-1f6c7f06e245",
                "9b4758de-e633-4533-8738-a20a3141a07c"
              ],
              "failures": [],
              "pending": [],
              "skipped": [],
              "duration": 1,
              "root": false,
              "rootEmpty": false,
              "_timeout": 2000
            },
            {
              "uuid": "efc7b46c-5ffc-4074-be67-0655b0f97445",
              "title": "Null and Undefined Handling",
              "fullFile": "C:\\SoftwareTesting\\test\\add.test.js",
              "file": "\\test\\add.test.js",
              "beforeHooks": [],
              "afterHooks": [],
              "tests": [
                {
                  "title": "should return 0 when both arguments are undefined",
                  "fullTitle": "Test Suite for add.js made by AI Null and Undefined Handling should return 0 when both arguments are undefined",
                  "timedOut": false,
                  "duration": 0,
                  "state": "passed",
                  "speed": "fast",
                  "pass": true,
                  "fail": false,
                  "pending": false,
                  "context": null,
                  "code": "expect(add(undefined, undefined)).to.equal(0);",
                  "err": {},
                  "uuid": "8da06d1b-f068-489f-aa35-37779829c464",
                  "parentUUID": "efc7b46c-5ffc-4074-be67-0655b0f97445",
                  "isHook": false,
                  "skipped": false
                },
                {
                  "title": "should return first value when second is undefined",
                  "fullTitle": "Test Suite for add.js made by AI Null and Undefined Handling should return first value when second is undefined",
                  "timedOut": false,
                  "duration": 0,
                  "state": "passed",
                  "speed": "fast",
                  "pass": true,
                  "fail": false,
                  "pending": false,
                  "context": null,
                  "code": "expect(add(10, undefined)).to.equal(10);",
                  "err": {},
                  "uuid": "f9cfc536-7ae5-4f6e-9f45-926844f3c694",
                  "parentUUID": "efc7b46c-5ffc-4074-be67-0655b0f97445",
                  "isHook": false,
                  "skipped": false
                },
                {
                  "title": "should return second value when first is undefined",
                  "fullTitle": "Test Suite for add.js made by AI Null and Undefined Handling should return second value when first is undefined",
                  "timedOut": false,
                  "duration": 0,
                  "state": "passed",
                  "speed": "fast",
                  "pass": true,
                  "fail": false,
                  "pending": false,
                  "context": null,
                  "code": "expect(add(undefined, 7)).to.equal(7);",
                  "err": {},
                  "uuid": "85c6795b-9e2d-4d65-aae3-a19ede1caf7a",
                  "parentUUID": "efc7b46c-5ffc-4074-be67-0655b0f97445",
                  "isHook": false,
                  "skipped": false
                },
                {
                  "title": "should handle undefined with negative numbers",
                  "fullTitle": "Test Suite for add.js made by AI Null and Undefined Handling should handle undefined with negative numbers",
                  "timedOut": false,
                  "duration": 0,
                  "state": "passed",
                  "speed": "fast",
                  "pass": true,
                  "fail": false,
                  "pending": false,
                  "context": null,
                  "code": "expect(add(-5, undefined)).to.equal(-5);\nexpect(add(undefined, -3)).to.equal(-3);",
                  "err": {},
                  "uuid": "40eb4ae0-7eb8-40fc-b49b-695f765fa34c",
                  "parentUUID": "efc7b46c-5ffc-4074-be67-0655b0f97445",
                  "isHook": false,
                  "skipped": false
                },
                {
                  "title": "should treat null as 0 when added to a number",
                  "fullTitle": "Test Suite for add.js made by AI Null and Undefined Handling should treat null as 0 when added to a number",
                  "timedOut": false,
                  "duration": 0,
                  "state": "passed",
                  "speed": "fast",
                  "pass": true,
                  "fail": false,
                  "pending": false,
                  "context": null,
                  "code": "expect(add(null, 5)).to.equal(5);\nexpect(add(5, null)).to.equal(5);",
                  "err": {},
                  "uuid": "a6a14542-2d58-4614-ae2b-4179c29e0fef",
                  "parentUUID": "efc7b46c-5ffc-4074-be67-0655b0f97445",
                  "isHook": false,
                  "skipped": false
                },
                {
                  "title": "should return 0 when both arguments are null",
                  "fullTitle": "Test Suite for add.js made by AI Null and Undefined Handling should return 0 when both arguments are null",
                  "timedOut": false,
                  "duration": 0,
                  "state": "passed",
                  "speed": "fast",
                  "pass": true,
                  "fail": false,
                  "pending": false,
                  "context": null,
                  "code": "expect(add(null, null)).to.equal(0);",
                  "err": {},
                  "uuid": "40526245-e350-4fa1-8c47-b544eca496fa",
                  "parentUUID": "efc7b46c-5ffc-4074-be67-0655b0f97445",
                  "isHook": false,
                  "skipped": false
                },
                {
                  "title": "should handle null with negative numbers",
                  "fullTitle": "Test Suite for add.js made by AI Null and Undefined Handling should handle null with negative numbers",
                  "timedOut": false,
                  "duration": 0,
                  "state": "passed",
                  "speed": "fast",
                  "pass": true,
                  "fail": false,
                  "pending": false,
                  "context": null,
                  "code": "expect(add(null, -10)).to.equal(-10);\nexpect(add(-10, null)).to.equal(-10);",
                  "err": {},
                  "uuid": "ec4a7155-03f6-4da6-9a28-a1d2af5e33cc",
                  "parentUUID": "efc7b46c-5ffc-4074-be67-0655b0f97445",
                  "isHook": false,
                  "skipped": false
                },
                {
                  "title": "should handle null with zero",
                  "fullTitle": "Test Suite for add.js made by AI Null and Undefined Handling should handle null with zero",
                  "timedOut": false,
                  "duration": 0,
                  "state": "passed",
                  "speed": "fast",
                  "pass": true,
                  "fail": false,
                  "pending": false,
                  "context": null,
                  "code": "expect(add(null, 0)).to.equal(0);\nexpect(add(0, null)).to.equal(0);",
                  "err": {},
                  "uuid": "fe03bdca-da48-4926-88d5-59fe5eabb46e",
                  "parentUUID": "efc7b46c-5ffc-4074-be67-0655b0f97445",
                  "isHook": false,
                  "skipped": false
                }
              ],
              "suites": [],
              "passes": [
                "8da06d1b-f068-489f-aa35-37779829c464",
                "f9cfc536-7ae5-4f6e-9f45-926844f3c694",
                "85c6795b-9e2d-4d65-aae3-a19ede1caf7a",
                "40eb4ae0-7eb8-40fc-b49b-695f765fa34c",
                "a6a14542-2d58-4614-ae2b-4179c29e0fef",
                "40526245-e350-4fa1-8c47-b544eca496fa",
                "ec4a7155-03f6-4da6-9a28-a1d2af5e33cc",
                "fe03bdca-da48-4926-88d5-59fe5eabb46e"
              ],
              "failures": [],
              "pending": [],
              "skipped": [],
              "duration": 0,
              "root": false,
              "rootEmpty": false,
              "_timeout": 2000
            },
            {
              "uuid": "025d20d7-dc7e-4145-bef2-aef4016cb933",
              "title": "Special Number Values",
              "fullFile": "C:\\SoftwareTesting\\test\\add.test.js",
              "file": "\\test\\add.test.js",
              "beforeHooks": [],
              "afterHooks": [],
              "tests": [
                {
                  "title": "should handle Infinity",
                  "fullTitle": "Test Suite for add.js made by AI Special Number Values should handle Infinity",
                  "timedOut": false,
                  "duration": 0,
                  "state": "passed",
                  "speed": "fast",
                  "pass": true,
                  "fail": false,
                  "pending": false,
                  "context": null,
                  "code": "expect(add(Infinity, 5)).to.equal(Infinity);\nexpect(add(5, Infinity)).to.equal(Infinity);",
                  "err": {},
                  "uuid": "1c8a1b2e-2033-4e0b-9a89-499441da1ca8",
                  "parentUUID": "025d20d7-dc7e-4145-bef2-aef4016cb933",
                  "isHook": false,
                  "skipped": false
                },
                {
                  "title": "should handle -Infinity",
                  "fullTitle": "Test Suite for add.js made by AI Special Number Values should handle -Infinity",
                  "timedOut": false,
                  "duration": 0,
                  "state": "passed",
                  "speed": "fast",
                  "pass": true,
                  "fail": false,
                  "pending": false,
                  "context": null,
                  "code": "expect(add(-Infinity, 5)).to.equal(-Infinity);\nexpect(add(5, -Infinity)).to.equal(-Infinity);",
                  "err": {},
                  "uuid": "385770fe-2293-4a5c-9d71-76c8cbf24dd7",
                  "parentUUID": "025d20d7-dc7e-4145-bef2-aef4016cb933",
                  "isHook": false,
                  "skipped": false
                },
                {
                  "title": "should handle Infinity + Infinity",
                  "fullTitle": "Test Suite for add.js made by AI Special Number Values should handle Infinity + Infinity",
                  "timedOut": false,
                  "duration": 0,
                  "state": "passed",
                  "speed": "fast",
                  "pass": true,
                  "fail": false,
                  "pending": false,
                  "context": null,
                  "code": "expect(add(Infinity, Infinity)).to.equal(Infinity);",
                  "err": {},
                  "uuid": "c08fc730-1942-4f06-8c94-27a60b1f9516",
                  "parentUUID": "025d20d7-dc7e-4145-bef2-aef4016cb933",
                  "isHook": false,
                  "skipped": false
                },
                {
                  "title": "should handle -Infinity + -Infinity",
                  "fullTitle": "Test Suite for add.js made by AI Special Number Values should handle -Infinity + -Infinity",
                  "timedOut": false,
                  "duration": 0,
                  "state": "passed",
                  "speed": "fast",
                  "pass": true,
                  "fail": false,
                  "pending": false,
                  "context": null,
                  "code": "expect(add(-Infinity, -Infinity)).to.equal(-Infinity);",
                  "err": {},
                  "uuid": "51bd0eb3-725d-4d40-b7c0-cb3980557d3e",
                  "parentUUID": "025d20d7-dc7e-4145-bef2-aef4016cb933",
                  "isHook": false,
                  "skipped": false
                },
                {
                  "title": "should handle Infinity + -Infinity",
                  "fullTitle": "Test Suite for add.js made by AI Special Number Values should handle Infinity + -Infinity",
                  "timedOut": false,
                  "duration": 0,
                  "state": "passed",
                  "speed": "fast",
                  "pass": true,
                  "fail": false,
                  "pending": false,
                  "context": null,
                  "code": "expect(add(Infinity, -Infinity)).to.be.NaN;",
                  "err": {},
                  "uuid": "e71c200d-4b3b-4595-b16b-92c004ccecd2",
                  "parentUUID": "025d20d7-dc7e-4145-bef2-aef4016cb933",
                  "isHook": false,
                  "skipped": false
                },
                {
                  "title": "should handle NaN inputs",
                  "fullTitle": "Test Suite for add.js made by AI Special Number Values should handle NaN inputs",
                  "timedOut": false,
                  "duration": 0,
                  "state": "passed",
                  "speed": "fast",
                  "pass": true,
                  "fail": false,
                  "pending": false,
                  "context": null,
                  "code": "expect(add(NaN, 5)).to.be.NaN;\nexpect(add(5, NaN)).to.be.NaN;\nexpect(add(NaN, NaN)).to.be.NaN;",
                  "err": {},
                  "uuid": "30910e23-aac4-4ccb-b250-e93d9d165225",
                  "parentUUID": "025d20d7-dc7e-4145-bef2-aef4016cb933",
                  "isHook": false,
                  "skipped": false
                },
                {
                  "title": "should handle NaN with special values",
                  "fullTitle": "Test Suite for add.js made by AI Special Number Values should handle NaN with special values",
                  "timedOut": false,
                  "duration": 0,
                  "state": "passed",
                  "speed": "fast",
                  "pass": true,
                  "fail": false,
                  "pending": false,
                  "context": null,
                  "code": "expect(add(NaN, Infinity)).to.be.NaN;\nexpect(add(NaN, -Infinity)).to.be.NaN;",
                  "err": {},
                  "uuid": "64572d23-beaa-468b-8f52-639916f7c949",
                  "parentUUID": "025d20d7-dc7e-4145-bef2-aef4016cb933",
                  "isHook": false,
                  "skipped": false
                }
              ],
              "suites": [],
              "passes": [
                "1c8a1b2e-2033-4e0b-9a89-499441da1ca8",
                "385770fe-2293-4a5c-9d71-76c8cbf24dd7",
                "c08fc730-1942-4f06-8c94-27a60b1f9516",
                "51bd0eb3-725d-4d40-b7c0-cb3980557d3e",
                "e71c200d-4b3b-4595-b16b-92c004ccecd2",
                "30910e23-aac4-4ccb-b250-e93d9d165225",
                "64572d23-beaa-468b-8f52-639916f7c949"
              ],
              "failures": [],
              "pending": [],
              "skipped": [],
              "duration": 0,
              "root": false,
              "rootEmpty": false,
              "_timeout": 2000
            },
            {
              "uuid": "ec3a18d4-7a3a-48d1-9399-9c5e39913a9c",
              "title": "Boolean Conversion",
              "fullFile": "C:\\SoftwareTesting\\test\\add.test.js",
              "file": "\\test\\add.test.js",
              "beforeHooks": [],
              "afterHooks": [],
              "tests": [
                {
                  "title": "should treat true as 1",
                  "fullTitle": "Test Suite for add.js made by AI Boolean Conversion should treat true as 1",
                  "timedOut": false,
                  "duration": 1,
                  "state": "passed",
                  "speed": "fast",
                  "pass": true,
                  "fail": false,
                  "pending": false,
                  "context": null,
                  "code": "expect(add(true, 5)).to.equal(6);\nexpect(add(5, true)).to.equal(6);",
                  "err": {},
                  "uuid": "2448658c-39a8-4913-935a-43824a8a22da",
                  "parentUUID": "ec3a18d4-7a3a-48d1-9399-9c5e39913a9c",
                  "isHook": false,
                  "skipped": false
                },
                {
                  "title": "should treat false as 0",
                  "fullTitle": "Test Suite for add.js made by AI Boolean Conversion should treat false as 0",
                  "timedOut": false,
                  "duration": 1,
                  "state": "passed",
                  "speed": "fast",
                  "pass": true,
                  "fail": false,
                  "pending": false,
                  "context": null,
                  "code": "expect(add(false, 5)).to.equal(5);\nexpect(add(5, false)).to.equal(5);",
                  "err": {},
                  "uuid": "8f5bdb5c-6537-467e-9810-0e000a2c9220",
                  "parentUUID": "ec3a18d4-7a3a-48d1-9399-9c5e39913a9c",
                  "isHook": false,
                  "skipped": false
                },
                {
                  "title": "should add two true values",
                  "fullTitle": "Test Suite for add.js made by AI Boolean Conversion should add two true values",
                  "timedOut": false,
                  "duration": 0,
                  "state": "passed",
                  "speed": "fast",
                  "pass": true,
                  "fail": false,
                  "pending": false,
                  "context": null,
                  "code": "expect(add(true, true)).to.equal(2);",
                  "err": {},
                  "uuid": "51a03c0e-09e1-4fea-8263-41567785f91a",
                  "parentUUID": "ec3a18d4-7a3a-48d1-9399-9c5e39913a9c",
                  "isHook": false,
                  "skipped": false
                },
                {
                  "title": "should add two false values",
                  "fullTitle": "Test Suite for add.js made by AI Boolean Conversion should add two false values",
                  "timedOut": false,
                  "duration": 0,
                  "state": "passed",
                  "speed": "fast",
                  "pass": true,
                  "fail": false,
                  "pending": false,
                  "context": null,
                  "code": "expect(add(false, false)).to.equal(0);",
                  "err": {},
                  "uuid": "b650400d-2c7d-4e2e-b8a6-129a19e102fc",
                  "parentUUID": "ec3a18d4-7a3a-48d1-9399-9c5e39913a9c",
                  "isHook": false,
                  "skipped": false
                },
                {
                  "title": "should add true and false",
                  "fullTitle": "Test Suite for add.js made by AI Boolean Conversion should add true and false",
                  "timedOut": false,
                  "duration": 0,
                  "state": "passed",
                  "speed": "fast",
                  "pass": true,
                  "fail": false,
                  "pending": false,
                  "context": null,
                  "code": "expect(add(true, false)).to.equal(1);",
                  "err": {},
                  "uuid": "aeb80ddf-6ba2-49e0-abff-b8975225948c",
                  "parentUUID": "ec3a18d4-7a3a-48d1-9399-9c5e39913a9c",
                  "isHook": false,
                  "skipped": false
                },
                {
                  "title": "should handle negative numbers with booleans",
                  "fullTitle": "Test Suite for add.js made by AI Boolean Conversion should handle negative numbers with booleans",
                  "timedOut": false,
                  "duration": 0,
                  "state": "passed",
                  "speed": "fast",
                  "pass": true,
                  "fail": false,
                  "pending": false,
                  "context": null,
                  "code": "expect(add(true, -1)).to.equal(0);\nexpect(add(false, -5)).to.equal(-5);",
                  "err": {},
                  "uuid": "45e73672-b37b-4100-a049-0e6bad88de8f",
                  "parentUUID": "ec3a18d4-7a3a-48d1-9399-9c5e39913a9c",
                  "isHook": false,
                  "skipped": false
                }
              ],
              "suites": [],
              "passes": [
                "2448658c-39a8-4913-935a-43824a8a22da",
                "8f5bdb5c-6537-467e-9810-0e000a2c9220",
                "51a03c0e-09e1-4fea-8263-41567785f91a",
                "b650400d-2c7d-4e2e-b8a6-129a19e102fc",
                "aeb80ddf-6ba2-49e0-abff-b8975225948c",
                "45e73672-b37b-4100-a049-0e6bad88de8f"
              ],
              "failures": [],
              "pending": [],
              "skipped": [],
              "duration": 2,
              "root": false,
              "rootEmpty": false,
              "_timeout": 2000
            },
            {
              "uuid": "56d56ced-b2c4-438a-af47-9e41eccf63b0",
              "title": "Large Numbers",
              "fullFile": "C:\\SoftwareTesting\\test\\add.test.js",
              "file": "\\test\\add.test.js",
              "beforeHooks": [],
              "afterHooks": [],
              "tests": [
                {
                  "title": "should add large integers",
                  "fullTitle": "Test Suite for add.js made by AI Large Numbers should add large integers",
                  "timedOut": false,
                  "duration": 0,
                  "state": "passed",
                  "speed": "fast",
                  "pass": true,
                  "fail": false,
                  "pending": false,
                  "context": null,
                  "code": "expect(add(1000000, 2000000)).to.equal(3000000);",
                  "err": {},
                  "uuid": "d99a70f8-f720-4219-b524-38a165ca75e2",
                  "parentUUID": "56d56ced-b2c4-438a-af47-9e41eccf63b0",
                  "isHook": false,
                  "skipped": false
                },
                {
                  "title": "should handle numbers in scientific notation",
                  "fullTitle": "Test Suite for add.js made by AI Large Numbers should handle numbers in scientific notation",
                  "timedOut": false,
                  "duration": 0,
                  "state": "passed",
                  "speed": "fast",
                  "pass": true,
                  "fail": false,
                  "pending": false,
                  "context": null,
                  "code": "expect(add(1e5, 5e5)).to.equal(6e5);",
                  "err": {},
                  "uuid": "19397a70-a182-4610-82b5-b3efeda930c5",
                  "parentUUID": "56d56ced-b2c4-438a-af47-9e41eccf63b0",
                  "isHook": false,
                  "skipped": false
                },
                {
                  "title": "should add very large numbers",
                  "fullTitle": "Test Suite for add.js made by AI Large Numbers should add very large numbers",
                  "timedOut": false,
                  "duration": 0,
                  "state": "passed",
                  "speed": "fast",
                  "pass": true,
                  "fail": false,
                  "pending": false,
                  "context": null,
                  "code": "expect(add(1e10, 5e10)).to.equal(6e10);",
                  "err": {},
                  "uuid": "2dd454bb-d937-4fce-a2d5-94b46afd6fc9",
                  "parentUUID": "56d56ced-b2c4-438a-af47-9e41eccf63b0",
                  "isHook": false,
                  "skipped": false
                },
                {
                  "title": "should handle MAX_SAFE_INTEGER boundary",
                  "fullTitle": "Test Suite for add.js made by AI Large Numbers should handle MAX_SAFE_INTEGER boundary",
                  "timedOut": false,
                  "duration": 0,
                  "state": "passed",
                  "speed": "fast",
                  "pass": true,
                  "fail": false,
                  "pending": false,
                  "context": null,
                  "code": "const max = Number.MAX_SAFE_INTEGER;\nexpect(add(max - 100, 50)).to.equal(max - 50);",
                  "err": {},
                  "uuid": "4109a6f0-c7d5-46b6-b436-9d1e063c187e",
                  "parentUUID": "56d56ced-b2c4-438a-af47-9e41eccf63b0",
                  "isHook": false,
                  "skipped": false
                },
                {
                  "title": "should handle MIN_SAFE_INTEGER boundary",
                  "fullTitle": "Test Suite for add.js made by AI Large Numbers should handle MIN_SAFE_INTEGER boundary",
                  "timedOut": false,
                  "duration": 0,
                  "state": "passed",
                  "speed": "fast",
                  "pass": true,
                  "fail": false,
                  "pending": false,
                  "context": null,
                  "code": "const min = Number.MIN_SAFE_INTEGER;\nexpect(add(min + 100, -50)).to.equal(min + 50);",
                  "err": {},
                  "uuid": "e1e90d9f-4cb7-4385-beb6-b14957f0e779",
                  "parentUUID": "56d56ced-b2c4-438a-af47-9e41eccf63b0",
                  "isHook": false,
                  "skipped": false
                }
              ],
              "suites": [],
              "passes": [
                "d99a70f8-f720-4219-b524-38a165ca75e2",
                "19397a70-a182-4610-82b5-b3efeda930c5",
                "2dd454bb-d937-4fce-a2d5-94b46afd6fc9",
                "4109a6f0-c7d5-46b6-b436-9d1e063c187e",
                "e1e90d9f-4cb7-4385-beb6-b14957f0e779"
              ],
              "failures": [],
              "pending": [],
              "skipped": [],
              "duration": 0,
              "root": false,
              "rootEmpty": false,
              "_timeout": 2000
            },
            {
              "uuid": "d36e8551-66e4-4a62-b38f-337ffa5ba53e",
              "title": "Mathematical Properties - Commutative Law (a + b = b + a)",
              "fullFile": "C:\\SoftwareTesting\\test\\add.test.js",
              "file": "\\test\\add.test.js",
              "beforeHooks": [],
              "afterHooks": [],
              "tests": [
                {
                  "title": "should satisfy commutative property with positive numbers",
                  "fullTitle": "Test Suite for add.js made by AI Mathematical Properties - Commutative Law (a + b = b + a) should satisfy commutative property with positive numbers",
                  "timedOut": false,
                  "duration": 0,
                  "state": "passed",
                  "speed": "fast",
                  "pass": true,
                  "fail": false,
                  "pending": false,
                  "context": null,
                  "code": "expect(add(3, 7)).to.equal(add(7, 3));",
                  "err": {},
                  "uuid": "e37b238c-4feb-4142-80d7-fec15602ebff",
                  "parentUUID": "d36e8551-66e4-4a62-b38f-337ffa5ba53e",
                  "isHook": false,
                  "skipped": false
                },
                {
                  "title": "should satisfy commutative property with negative numbers",
                  "fullTitle": "Test Suite for add.js made by AI Mathematical Properties - Commutative Law (a + b = b + a) should satisfy commutative property with negative numbers",
                  "timedOut": false,
                  "duration": 0,
                  "state": "passed",
                  "speed": "fast",
                  "pass": true,
                  "fail": false,
                  "pending": false,
                  "context": null,
                  "code": "expect(add(-5, -2)).to.equal(add(-2, -5));",
                  "err": {},
                  "uuid": "04de2c6c-6080-4878-bb2c-e37c69f92c44",
                  "parentUUID": "d36e8551-66e4-4a62-b38f-337ffa5ba53e",
                  "isHook": false,
                  "skipped": false
                },
                {
                  "title": "should satisfy commutative property with mixed signs",
                  "fullTitle": "Test Suite for add.js made by AI Mathematical Properties - Commutative Law (a + b = b + a) should satisfy commutative property with mixed signs",
                  "timedOut": false,
                  "duration": 0,
                  "state": "passed",
                  "speed": "fast",
                  "pass": true,
                  "fail": false,
                  "pending": false,
                  "context": null,
                  "code": "expect(add(10, -3)).to.equal(add(-3, 10));",
                  "err": {},
                  "uuid": "6ab7f98a-3d9d-4684-8d89-50104506eac4",
                  "parentUUID": "d36e8551-66e4-4a62-b38f-337ffa5ba53e",
                  "isHook": false,
                  "skipped": false
                },
                {
                  "title": "should satisfy commutative property with decimals",
                  "fullTitle": "Test Suite for add.js made by AI Mathematical Properties - Commutative Law (a + b = b + a) should satisfy commutative property with decimals",
                  "timedOut": false,
                  "duration": 0,
                  "state": "passed",
                  "speed": "fast",
                  "pass": true,
                  "fail": false,
                  "pending": false,
                  "context": null,
                  "code": "expect(add(2.5, 3.5)).to.equal(add(3.5, 2.5));",
                  "err": {},
                  "uuid": "bcf4a2b5-92b7-431f-9244-7282c6c32943",
                  "parentUUID": "d36e8551-66e4-4a62-b38f-337ffa5ba53e",
                  "isHook": false,
                  "skipped": false
                },
                {
                  "title": "should satisfy commutative property with large numbers",
                  "fullTitle": "Test Suite for add.js made by AI Mathematical Properties - Commutative Law (a + b = b + a) should satisfy commutative property with large numbers",
                  "timedOut": false,
                  "duration": 0,
                  "state": "passed",
                  "speed": "fast",
                  "pass": true,
                  "fail": false,
                  "pending": false,
                  "context": null,
                  "code": "expect(add(1e6, 5e6)).to.equal(add(5e6, 1e6));",
                  "err": {},
                  "uuid": "1abfe6a2-0f50-4046-bda1-5e888e19720a",
                  "parentUUID": "d36e8551-66e4-4a62-b38f-337ffa5ba53e",
                  "isHook": false,
                  "skipped": false
                }
              ],
              "suites": [],
              "passes": [
                "e37b238c-4feb-4142-80d7-fec15602ebff",
                "04de2c6c-6080-4878-bb2c-e37c69f92c44",
                "6ab7f98a-3d9d-4684-8d89-50104506eac4",
                "bcf4a2b5-92b7-431f-9244-7282c6c32943",
                "1abfe6a2-0f50-4046-bda1-5e888e19720a"
              ],
              "failures": [],
              "pending": [],
              "skipped": [],
              "duration": 0,
              "root": false,
              "rootEmpty": false,
              "_timeout": 2000
            },
            {
              "uuid": "ec605fee-726c-42cd-b2b4-16aabfbcb31c",
              "title": "Mathematical Properties - Associative Law ((a + b) + c = a + (b + c))",
              "fullFile": "C:\\SoftwareTesting\\test\\add.test.js",
              "file": "\\test\\add.test.js",
              "beforeHooks": [],
              "afterHooks": [],
              "tests": [
                {
                  "title": "should satisfy associative property with positive numbers",
                  "fullTitle": "Test Suite for add.js made by AI Mathematical Properties - Associative Law ((a + b) + c = a + (b + c)) should satisfy associative property with positive numbers",
                  "timedOut": false,
                  "duration": 0,
                  "state": "passed",
                  "speed": "fast",
                  "pass": true,
                  "fail": false,
                  "pending": false,
                  "context": null,
                  "code": "expect(add(add(2, 3), 4)).to.equal(add(2, add(3, 4)));",
                  "err": {},
                  "uuid": "de25d651-b2a2-4161-b659-d4832147f3ba",
                  "parentUUID": "ec605fee-726c-42cd-b2b4-16aabfbcb31c",
                  "isHook": false,
                  "skipped": false
                },
                {
                  "title": "should satisfy associative property with negative numbers",
                  "fullTitle": "Test Suite for add.js made by AI Mathematical Properties - Associative Law ((a + b) + c = a + (b + c)) should satisfy associative property with negative numbers",
                  "timedOut": false,
                  "duration": 0,
                  "state": "passed",
                  "speed": "fast",
                  "pass": true,
                  "fail": false,
                  "pending": false,
                  "context": null,
                  "code": "expect(add(add(-2, -3), -4)).to.equal(add(-2, add(-3, -4)));",
                  "err": {},
                  "uuid": "484c9f36-368f-4d6c-96dd-0fb8d0adc486",
                  "parentUUID": "ec605fee-726c-42cd-b2b4-16aabfbcb31c",
                  "isHook": false,
                  "skipped": false
                },
                {
                  "title": "should satisfy associative property with mixed signs",
                  "fullTitle": "Test Suite for add.js made by AI Mathematical Properties - Associative Law ((a + b) + c = a + (b + c)) should satisfy associative property with mixed signs",
                  "timedOut": false,
                  "duration": 0,
                  "state": "passed",
                  "speed": "fast",
                  "pass": true,
                  "fail": false,
                  "pending": false,
                  "context": null,
                  "code": "expect(add(add(5, -2), 3)).to.equal(add(5, add(-2, 3)));",
                  "err": {},
                  "uuid": "6cf024a4-d50b-4ecf-9885-aabbf74fc0c8",
                  "parentUUID": "ec605fee-726c-42cd-b2b4-16aabfbcb31c",
                  "isHook": false,
                  "skipped": false
                },
                {
                  "title": "should satisfy associative property with decimals",
                  "fullTitle": "Test Suite for add.js made by AI Mathematical Properties - Associative Law ((a + b) + c = a + (b + c)) should satisfy associative property with decimals",
                  "timedOut": false,
                  "duration": 0,
                  "state": "passed",
                  "speed": "fast",
                  "pass": true,
                  "fail": false,
                  "pending": false,
                  "context": null,
                  "code": "expect(add(add(1.5, 2.5), 3.5)).to.be.closeTo(add(1.5, add(2.5, 3.5)), 0.0001);",
                  "err": {},
                  "uuid": "e33d0a94-c65b-4c3e-91e6-4952ef56a97c",
                  "parentUUID": "ec605fee-726c-42cd-b2b4-16aabfbcb31c",
                  "isHook": false,
                  "skipped": false
                }
              ],
              "suites": [],
              "passes": [
                "de25d651-b2a2-4161-b659-d4832147f3ba",
                "484c9f36-368f-4d6c-96dd-0fb8d0adc486",
                "6cf024a4-d50b-4ecf-9885-aabbf74fc0c8",
                "e33d0a94-c65b-4c3e-91e6-4952ef56a97c"
              ],
              "failures": [],
              "pending": [],
              "skipped": [],
              "duration": 0,
              "root": false,
              "rootEmpty": false,
              "_timeout": 2000
            },
            {
              "uuid": "60471a1c-87f1-4b08-97c7-98c44fbefee7",
              "title": "Mathematical Properties - Identity Law (a + 0 = a)",
              "fullFile": "C:\\SoftwareTesting\\test\\add.test.js",
              "file": "\\test\\add.test.js",
              "beforeHooks": [],
              "afterHooks": [],
              "tests": [
                {
                  "title": "should maintain identity with positive numbers",
                  "fullTitle": "Test Suite for add.js made by AI Mathematical Properties - Identity Law (a + 0 = a) should maintain identity with positive numbers",
                  "timedOut": false,
                  "duration": 0,
                  "state": "passed",
                  "speed": "fast",
                  "pass": true,
                  "fail": false,
                  "pending": false,
                  "context": null,
                  "code": "expect(add(42, 0)).to.equal(42);\nexpect(add(0, 42)).to.equal(42);",
                  "err": {},
                  "uuid": "4c52045d-fb1f-448e-aa0e-b55358ef8b38",
                  "parentUUID": "60471a1c-87f1-4b08-97c7-98c44fbefee7",
                  "isHook": false,
                  "skipped": false
                },
                {
                  "title": "should maintain identity with negative numbers",
                  "fullTitle": "Test Suite for add.js made by AI Mathematical Properties - Identity Law (a + 0 = a) should maintain identity with negative numbers",
                  "timedOut": false,
                  "duration": 0,
                  "state": "passed",
                  "speed": "fast",
                  "pass": true,
                  "fail": false,
                  "pending": false,
                  "context": null,
                  "code": "expect(add(-17, 0)).to.equal(-17);\nexpect(add(0, -17)).to.equal(-17);",
                  "err": {},
                  "uuid": "e13ea002-e836-41a2-81eb-101042436772",
                  "parentUUID": "60471a1c-87f1-4b08-97c7-98c44fbefee7",
                  "isHook": false,
                  "skipped": false
                },
                {
                  "title": "should maintain identity with zero and zero",
                  "fullTitle": "Test Suite for add.js made by AI Mathematical Properties - Identity Law (a + 0 = a) should maintain identity with zero and zero",
                  "timedOut": false,
                  "duration": 1,
                  "state": "passed",
                  "speed": "fast",
                  "pass": true,
                  "fail": false,
                  "pending": false,
                  "context": null,
                  "code": "expect(add(0, 0)).to.equal(0);",
                  "err": {},
                  "uuid": "89328dc1-5a06-4994-af9c-e1c3bed9f1de",
                  "parentUUID": "60471a1c-87f1-4b08-97c7-98c44fbefee7",
                  "isHook": false,
                  "skipped": false
                },
                {
                  "title": "should maintain identity with decimals",
                  "fullTitle": "Test Suite for add.js made by AI Mathematical Properties - Identity Law (a + 0 = a) should maintain identity with decimals",
                  "timedOut": false,
[...]
                  "err": {},
                  "uuid": "ff8034fa-b951-4242-a877-7bf6dd30bf1d",
                  "parentUUID": "92cb33b9-59a6-47ea-9f64-95f05c28f0b6",
                  "isHook": false,
                  "skipped": false
                },
                {
                  "title": "should split words separated by punctuation and spaces",
                  "fullTitle": "Test suite for words.js default pattern (ASCII words) should split words separated by punctuation and spaces",
                  "timedOut": false,
                  "duration": 0,
                  "state": "passed",
                  "speed": "fast",
                  "pass": true,
                  "fail": false,
                  "pending": false,
                  "context": null,
                  "code": "const result = words('fred, barney, & pebbles');\nexpect(result).to.deep.equal(['fred', 'barney', 'pebbles']);",
                  "err": {},
                  "uuid": "a73ae5dd-f2d3-4746-acc2-bdd7f5a8d1c3",
                  "parentUUID": "92cb33b9-59a6-47ea-9f64-95f05c28f0b6",
                  "isHook": false,
                  "skipped": false
                },
                {
                  "title": "should handle single word",
                  "fullTitle": "Test suite for words.js default pattern (ASCII words) should handle single word",
                  "timedOut": false,
                  "duration": 1,
                  "state": "passed",
                  "speed": "fast",
                  "pass": true,
                  "fail": false,
                  "pending": false,
                  "context": null,
                  "code": "const result = words('hello');\nexpect(result).to.deep.equal(['hello']);",
                  "err": {},
                  "uuid": "b24f1d95-612d-47f1-bd27-65c00e43abcd",
                  "parentUUID": "92cb33b9-59a6-47ea-9f64-95f05c28f0b6",
                  "isHook": false,
                  "skipped": false
                },
                {
                  "title": "should return empty array for empty string",
                  "fullTitle": "Test suite for words.js default pattern (ASCII words) should return empty array for empty string",
                  "timedOut": false,
                  "duration": 0,
                  "state": "passed",
                  "speed": "fast",
                  "pass": true,
                  "fail": false,
                  "pending": false,
                  "context": null,
                  "code": "const result = words('');\nexpect(result).to.deep.equal([]);",
                  "err": {},
                  "uuid": "b364642c-0ae5-4f15-a7c9-d3cfb836016e",
                  "parentUUID": "92cb33b9-59a6-47ea-9f64-95f05c28f0b6",
                  "isHook": false,
                  "skipped": false
                },
                {
                  "title": "should return empty array for string with only non-word characters",
                  "fullTitle": "Test suite for words.js default pattern (ASCII words) should return empty array for string with only non-word characters",
                  "timedOut": false,
                  "duration": 0,
                  "state": "passed",
                  "speed": "fast",
                  "pass": true,
                  "fail": false,
                  "pending": false,
                  "context": null,
                  "code": "const result = words('   !!!');\nexpect(result).to.deep.equal([]);",
                  "err": {},
                  "uuid": "05ba2d4c-cb8b-4274-9afa-a18b3266b80b",
                  "parentUUID": "92cb33b9-59a6-47ea-9f64-95f05c28f0b6",
                  "isHook": false,
                  "skipped": false
                },
                {
                  "title": "should handle strings with numbers",
                  "fullTitle": "Test suite for words.js default pattern (ASCII words) should handle strings with numbers",
                  "timedOut": false,
                  "duration": 0,
                  "state": "failed",
                  "speed": null,
                  "pass": false,
                  "fail": true,
                  "pending": false,
                  "context": null,
                  "code": "const result = words('test123 hello456');\nexpect(result).to.deep.equal(['test123', 'hello456']);",
                  "err": {
                    "message": "AssertionError: expected [ 'test', '123', 'hello', '456' ] to deeply equal [ 'test123', 'hello456' ]",
                    "estack": "AssertionError: expected [ 'test', '123', 'hello', '456' ] to deeply equal [ 'test123', 'hello456' ]\n    at Context.<anonymous> (file:///C:/SoftwareTesting/test/words.test.js:33:30)\n    at process.processImmediate (node:internal/timers:504:21)",
                    "diff": " [\n-   \"test\"\n-   \"123\"\n-   \"hello\"\n-   \"456\"\n+   \"test123\"\n+   \"hello456\"\n ]\n"
                  },
                  "uuid": "dd9fdef7-c92b-48e3-824e-45a601cd8ed3",
                  "parentUUID": "92cb33b9-59a6-47ea-9f64-95f05c28f0b6",
                  "isHook": false,
                  "skipped": false
                },
                {
                  "title": "should handle camelCase strings",
                  "fullTitle": "Test suite for words.js default pattern (ASCII words) should handle camelCase strings",
                  "timedOut": false,
                  "duration": 0,
                  "state": "passed",
                  "speed": "fast",
                  "pass": true,
                  "fail": false,
                  "pending": false,
                  "context": null,
                  "code": "const result = words('camelCaseString');\nexpect(result).to.deep.equal(['camel', 'Case', 'String']);",
                  "err": {},
                  "uuid": "c9c03ae0-cc07-4dfd-be39-6cc0814647ae",
                  "parentUUID": "92cb33b9-59a6-47ea-9f64-95f05c28f0b6",
                  "isHook": false,
                  "skipped": false
                },
                {
                  "title": "should handle PascalCase strings",
                  "fullTitle": "Test suite for words.js default pattern (ASCII words) should handle PascalCase strings",
                  "timedOut": false,
                  "duration": 1,
                  "state": "passed",
                  "speed": "fast",
                  "pass": true,
                  "fail": false,
                  "pending": false,
                  "context": null,
                  "code": "const result = words('PascalCaseString');\nexpect(result).to.deep.equal(['Pascal', 'Case', 'String']);",
                  "err": {},
                  "uuid": "ca885307-7555-45bf-996c-36da0fa85c33",
                  "parentUUID": "92cb33b9-59a6-47ea-9f64-95f05c28f0b6",
                  "isHook": false,
                  "skipped": false
                },
                {
                  "title": "should handle snake_case strings",
                  "fullTitle": "Test suite for words.js default pattern (ASCII words) should handle snake_case strings",
                  "timedOut": false,
                  "duration": 0,
                  "state": "passed",
                  "speed": "fast",
                  "pass": true,
                  "fail": false,
                  "pending": false,
                  "context": null,
                  "code": "const result = words('snake_case_string');\nexpect(result).to.deep.equal(['snake', 'case', 'string']);",
                  "err": {},
                  "uuid": "50d17671-8bc2-407e-a3bc-40787cb350f4",
                  "parentUUID": "92cb33b9-59a6-47ea-9f64-95f05c28f0b6",
                  "isHook": false,
                  "skipped": false
                },
                {
                  "title": "should handle mixed case with special characters",
                  "fullTitle": "Test suite for words.js default pattern (ASCII words) should handle mixed case with special characters",
                  "timedOut": false,
                  "duration": 0,
                  "state": "passed",
                  "speed": "fast",
                  "pass": true,
                  "fail": false,
                  "pending": false,
                  "context": null,
                  "code": "const result = words('hello-world_test@email');\nexpect(result).to.deep.equal(['hello', 'world', 'test', 'email']);",
                  "err": {},
                  "uuid": "7a39b858-587f-40e5-a0e4-6735d91b0199",
                  "parentUUID": "92cb33b9-59a6-47ea-9f64-95f05c28f0b6",
                  "isHook": false,
                  "skipped": false
                }
              ],
              "suites": [],
              "passes": [
                "ff8034fa-b951-4242-a877-7bf6dd30bf1d",
                "a73ae5dd-f2d3-4746-acc2-bdd7f5a8d1c3",
                "b24f1d95-612d-47f1-bd27-65c00e43abcd",
                "b364642c-0ae5-4f15-a7c9-d3cfb836016e",
                "05ba2d4c-cb8b-4274-9afa-a18b3266b80b",
                "c9c03ae0-cc07-4dfd-be39-6cc0814647ae",
                "ca885307-7555-45bf-996c-36da0fa85c33",
                "50d17671-8bc2-407e-a3bc-40787cb350f4",
                "7a39b858-587f-40e5-a0e4-6735d91b0199"
              ],
              "failures": [
                "dd9fdef7-c92b-48e3-824e-45a601cd8ed3"
              ],
              "pending": [],
              "skipped": [],
              "duration": 2,
              "root": false,
              "rootEmpty": false,
              "_timeout": 2000
            },
            {
              "uuid": "c9c103f4-1f00-415d-811d-d8d21c5a5b86",
              "title": "custom pattern",
              "fullFile": "C:\\SoftwareTesting\\test\\words.test.js",
              "file": "\\test\\words.test.js",
              "beforeHooks": [],
              "afterHooks": [],
              "tests": [
                {
                  "title": "should use custom pattern to match words",
                  "fullTitle": "Test suite for words.js custom pattern should use custom pattern to match words",
                  "timedOut": false,
                  "duration": 0,
                  "state": "passed",
                  "speed": "fast",
                  "pass": true,
                  "fail": false,
                  "pending": false,
                  "context": null,
                  "code": "const result = words('fred, barney, & pebbles', /[^, ]+/g);\nexpect(result).to.deep.equal(['fred', 'barney', '&', 'pebbles']);",
                  "err": {},
                  "uuid": "1aa820fb-be92-44b1-8f12-b9153af63069",
                  "parentUUID": "c9c103f4-1f00-415d-811d-d8d21c5a5b86",
                  "isHook": false,
                  "skipped": false
                },
                {
                  "title": "should match words with custom regex",
                  "fullTitle": "Test suite for words.js custom pattern should match words with custom regex",
                  "timedOut": false,
                  "duration": 0,
                  "state": "passed",
                  "speed": "fast",
                  "pass": true,
                  "fail": false,
                  "pending": false,
                  "context": null,
                  "code": "const result = words('hello123world456', /\\d+/g);\nexpect(result).to.deep.equal(['123', '456']);",
                  "err": {},
                  "uuid": "00e516b0-361b-42c8-985b-0fb981a5ca50",
                  "parentUUID": "c9c103f4-1f00-415d-811d-d8d21c5a5b86",
                  "isHook": false,
                  "skipped": false
                },
                {
                  "title": "should return empty array when pattern matches nothing",
                  "fullTitle": "Test suite for words.js custom pattern should return empty array when pattern matches nothing",
                  "timedOut": false,
                  "duration": 0,
                  "state": "passed",
                  "speed": "fast",
                  "pass": true,
                  "fail": false,
                  "pending": false,
                  "context": null,
                  "code": "const result = words('abc def', /\\d+/g);\nexpect(result).to.deep.equal([]);",
                  "err": {},
                  "uuid": "b2052fda-b126-44c8-83fa-e076c8306154",
                  "parentUUID": "c9c103f4-1f00-415d-811d-d8d21c5a5b86",
                  "isHook": false,
                  "skipped": false
                },
                {
                  "title": "should handle pattern as string (no g flag equivalent)",
                  "fullTitle": "Test suite for words.js custom pattern should handle pattern as string (no g flag equivalent)",
                  "timedOut": false,
                  "duration": 0,
                  "state": "passed",
                  "speed": "fast",
                  "pass": true,
                  "fail": false,
                  "pending": false,
                  "context": null,
                  "code": "const result = words('hello world test', /\\w+/g);\nexpect(result).to.deep.equal(['hello', 'world', 'test']);",
                  "err": {},
                  "uuid": "b98fe0cb-77fc-4757-a362-9fc7a9e4c935",
                  "parentUUID": "c9c103f4-1f00-415d-811d-d8d21c5a5b86",
                  "isHook": false,
                  "skipped": false
                }
              ],
              "suites": [],
              "passes": [
                "1aa820fb-be92-44b1-8f12-b9153af63069",
                "00e516b0-361b-42c8-985b-0fb981a5ca50",
                "b2052fda-b126-44c8-83fa-e076c8306154",
                "b98fe0cb-77fc-4757-a362-9fc7a9e4c935"
              ],
              "failures": [],
              "pending": [],
              "skipped": [],
              "duration": 0,
              "root": false,
              "rootEmpty": false,
              "_timeout": 2000
            },
            {
              "uuid": "76769d6b-13e4-4a3a-a8d6-e530bfb524e4",
              "title": "edge cases",
              "fullFile": "C:\\SoftwareTesting\\test\\words.test.js",
              "file": "\\test\\words.test.js",
              "beforeHooks": [],
              "afterHooks": [],
              "tests": [
                {
                  "title": "should handle strings with only spaces",
                  "fullTitle": "Test suite for words.js edge cases should handle strings with only spaces",
                  "timedOut": false,
                  "duration": 0,
                  "state": "passed",
                  "speed": "fast",
                  "pass": true,
                  "fail": false,
                  "pending": false,
                  "context": null,
                  "code": "const result = words('     ');\nexpect(result).to.deep.equal([]);",
                  "err": {},
                  "uuid": "8c415dad-24c9-433a-bf8b-160a0d7d6af0",
                  "parentUUID": "76769d6b-13e4-4a3a-a8d6-e530bfb524e4",
                  "isHook": false,
                  "skipped": false
                },
                {
                  "title": "should handle strings with multiple consecutive delimiters",
                  "fullTitle": "Test suite for words.js edge cases should handle strings with multiple consecutive delimiters",
                  "timedOut": false,
                  "duration": 0,
                  "state": "passed",
                  "speed": "fast",
                  "pass": true,
                  "fail": false,
                  "pending": false,
                  "context": null,
                  "code": "const result = words('hello;;;world');\nexpect(result).to.deep.equal(['hello', 'world']);",
                  "err": {},
                  "uuid": "f2de085f-00d6-4ee1-8e2c-3d687f3ee3ad",
                  "parentUUID": "76769d6b-13e4-4a3a-a8d6-e530bfb524e4",
                  "isHook": false,
                  "skipped": false
                },
                {
                  "title": "should preserve word order",
                  "fullTitle": "Test suite for words.js edge cases should preserve word order",
                  "timedOut": false,
                  "duration": 0,
                  "state": "passed",
                  "speed": "fast",
                  "pass": true,
                  "fail": false,
                  "pending": false,
                  "context": null,
                  "code": "const result = words('zebra apple banana');\nexpect(result).to.deep.equal(['zebra', 'apple', 'banana']);",
                  "err": {},
                  "uuid": "cd5ef692-fca1-4f9b-ac4b-b9879b16d6ce",
                  "parentUUID": "76769d6b-13e4-4a3a-a8d6-e530bfb524e4",
                  "isHook": false,
                  "skipped": false
                },
                {
                  "title": "should handle single character words",
                  "fullTitle": "Test suite for words.js edge cases should handle single character words",
                  "timedOut": false,
                  "duration": 0,
                  "state": "passed",
                  "speed": "fast",
                  "pass": true,
                  "fail": false,
                  "pending": false,
                  "context": null,
                  "code": "const result = words('a b c');\nexpect(result).to.deep.equal(['a', 'b', 'c']);",
                  "err": {},
                  "uuid": "4a7e7299-4f8b-4ff7-bfd7-bb2331c0157b",
                  "parentUUID": "76769d6b-13e4-4a3a-a8d6-e530bfb524e4",
                  "isHook": false,
                  "skipped": false
                },
                {
                  "title": "should handle mixed numbers and letters",
                  "fullTitle": "Test suite for words.js edge cases should handle mixed numbers and letters",
                  "timedOut": false,
                  "duration": 0,
                  "state": "passed",
                  "speed": "fast",
                  "pass": true,
                  "fail": false,
                  "pending": false,
                  "context": null,
                  "code": "const result = words('a1b2c3');\nexpect(result).to.deep.equal(['a', '1', 'b', '2', 'c', '3']);",
                  "err": {},
                  "uuid": "4707b620-56c9-4f8c-a98a-0ef41540ecdf",
                  "parentUUID": "76769d6b-13e4-4a3a-a8d6-e530bfb524e4",
                  "isHook": false,
                  "skipped": false
                }
              ],
              "suites": [],
              "passes": [
                "8c415dad-24c9-433a-bf8b-160a0d7d6af0",
                "f2de085f-00d6-4ee1-8e2c-3d687f3ee3ad",
                "cd5ef692-fca1-4f9b-ac4b-b9879b16d6ce",
                "4a7e7299-4f8b-4ff7-bfd7-bb2331c0157b",
                "4707b620-56c9-4f8c-a98a-0ef41540ecdf"
              ],
              "failures": [],
              "pending": [],
              "skipped": [],
              "duration": 0,
              "root": false,
              "rootEmpty": false,
              "_timeout": 2000
            }
          ],
          "passes": [],
          "failures": [],
          "pending": [],
          "skipped": [],
          "duration": 0,
          "root": false,
          "rootEmpty": false,
          "_timeout": 2000
        }
      ],
      "passes": [],
      "failures": [],
      "pending": [],
      "skipped": [],
      "duration": 0,
      "root": true,
      "rootEmpty": true,
      "_timeout": 2000
    }
  ],
  "meta": {
    "mocha": {
      "version": "10.8.2"
    },
    "mochawesome": {
      "options": {
        "quiet": false,
        "reportFilename": "mochawesome",
        "saveHtml": true,
        "saveJson": true,
        "consoleReporter": "spec",
        "useInlineDiffs": false,
        "code": true
      },
      "version": "7.1.4"
    },
    "marge": {
      "options": null,
      "version": "6.3.2"
    }
  }
}