TN:
SF:src\add.js
FNF:0
FNH:0
DA:1,1
DA:2,1
DA:3,1
DA:4,1
DA:5,1
DA:6,1
DA:7,1
DA:8,1
DA:9,1
DA:10,1
DA:11,1
DA:12,1
DA:13,1
DA:14,1
DA:15,1
DA:16,1
DA:17,1
DA:18,1
LF:18
LH:18
BRDA:1,0,0,1
BRDA:16,1,0,8
BRF:2
BRH:2
end_of_record
TN:
SF:src\capitalize.js
FN:17,capitalize
FNF:1
FNH:1
FNDA:37,capitalize
DA:1,1
DA:2,1
DA:3,1
DA:4,1
DA:5,1
DA:6,1
DA:7,1
DA:8,1
DA:9,1
DA:10,1
DA:11,1
DA:12,1
DA:13,1
DA:14,1
DA:15,1
DA:16,1
DA:17,1
DA:18,1
DA:19,1
DA:20,1
LF:20
LH:20
BRDA:1,0,0,1
BRDA:17,1,0,37
BRF:2
BRH:2
end_of_record
TN:
SF:src\ceil.js
FNF:0
FNH:0
DA:1,1
DA:2,1
DA:3,1
DA:4,1
DA:5,1
DA:6,1
DA:7,1
DA:8,1
DA:9,1
DA:10,1
DA:11,1
DA:12,1
DA:13,1
DA:14,1
DA:15,1
DA:16,1
DA:17,1
DA:18,1
DA:19,1
DA:20,1
DA:21,1
DA:22,1
DA:23,1
DA:24,1
LF:24
LH:24
BRDA:1,0,0,1
BRF:1
BRH:1
end_of_record
TN:
SF:src\clamp.js
FN:18,clamp
FNF:1
FNH:1
FNDA:14,clamp
DA:1,1
DA:2,1
DA:3,1
DA:4,1
DA:5,1
DA:6,1
DA:7,1
DA:8,1
DA:9,1
DA:10,1
DA:11,1
DA:12,1
DA:13,1
DA:14,1
DA:15,1
DA:16,1
DA:17,1
DA:18,14
DA:19,14
DA:20,14
DA:21,14
DA:22,14
DA:23,14
DA:24,14
DA:25,13
DA:26,13
DA:27,13
DA:28,14
DA:29,14
DA:30,1
DA:31,1
LF:31
LH:31
BRDA:1,0,0,1
BRDA:18,1,0,14
BRDA:22,2,0,13
BRDA:22,3,0,1
BRDA:23,4,0,13
BRDA:23,5,0,1
BRDA:24,6,0,13
BRDA:25,7,0,6
BRDA:25,8,0,7
BRDA:26,9,0,2
BRDA:26,10,0,11
BRF:11
BRH:11
end_of_record
TN:
SF:src\isSymbol.js
FN:18,isSymbol
FNF:1
FNH:1
FNDA:15,isSymbol
DA:1,1
DA:2,1
DA:3,1
DA:4,1
DA:5,1
DA:6,1
DA:7,1
DA:8,1
DA:9,1
DA:10,1
DA:11,1
DA:12,1
DA:13,1
DA:14,1
DA:15,1
DA:16,1
DA:17,1
DA:18,15
DA:19,15
DA:20,15
DA:21,15
DA:22,1
DA:23,1
LF:23
LH:23
BRDA:1,0,0,1
BRDA:18,1,0,15
BRDA:20,2,0,6
BRDA:20,3,0,1
BRF:4
BRH:4
end_of_record
TN:
SF:src\slice.js
FN:21,slice
FNF:1
FNH:1
FNDA:1,slice
DA:1,1
DA:2,1
DA:3,1
DA:4,1
DA:5,1
DA:6,1
DA:7,1
DA:8,1
DA:9,1
DA:10,1
DA:11,1
DA:12,1
DA:13,1
DA:14,1
DA:15,1
DA:16,1
DA:17,1
DA:18,1
DA:19,1
DA:20,1
DA:21,1
DA:22,1
DA:23,1
DA:24,0
DA:25,0
DA:26,1
DA:27,1
DA:28,1
DA:29,1
DA:30,0
DA:31,0
DA:32,1
DA:33,0
DA:34,0
DA:35,1
DA:36,1
DA:37,1
DA:38,1
DA:39,1
DA:40,1
DA:41,5
DA:42,5
DA:43,1
DA:44,1
DA:45,1
DA:46,1
LF:46
LH:40
BRDA:1,0,0,1
BRDA:21,1,0,1
BRDA:22,2,0,0
BRDA:23,3,0,0
BRDA:26,4,0,0
BRDA:27,5,0,0
BRDA:29,6,0,0
BRDA:32,7,0,0
BRDA:35,8,0,0
BRDA:40,9,0,5
BRF:10
BRH:3
end_of_record
TN:
SF:src\toString.js
FN:25,toString
FNF:1
FNH:1
FNDA:40,toString
DA:1,1
DA:2,1
DA:3,1
DA:4,1
DA:5,1
DA:6,1
DA:7,1
DA:8,1
DA:9,1
DA:10,1
DA:11,1
DA:12,1
DA:13,1
DA:14,1
DA:15,1
DA:16,1
DA:17,1
DA:18,1
DA:19,1
DA:20,1
DA:21,1
DA:22,1
DA:23,1
DA:24,1
DA:25,40
DA:26,40
DA:27,40
DA:28,40
DA:29,29
DA:30,29
DA:31,40
DA:32,1
DA:33,1
DA:34,1
DA:35,40
DA:36,0
DA:37,0
DA:38,10
DA:39,40
DA:40,40
DA:41,1
DA:42,1
LF:42
LH:40
BRDA:1,0,0,1
BRDA:25,1,0,40
BRDA:28,2,0,29
BRDA:31,3,0,11
BRDA:31,4,0,1
BRDA:35,5,0,10
BRDA:35,6,0,0
BRDA:38,7,0,10
BRDA:39,8,0,0
BRDA:39,9,0,0
BRDA:39,10,0,10
BRDA:33,11,0,3
BRDA:33,12,0,0
BRF:13
BRH:9
end_of_record
TN:
SF:src\upperFirst.js
FNF:0
FNH:0
DA:1,1
DA:2,1
DA:3,1
DA:4,1
DA:5,1
DA:6,1
DA:7,1
DA:8,1
DA:9,1
DA:10,1
DA:11,1
DA:12,1
DA:13,1
DA:14,1
DA:15,1
DA:16,1
DA:17,1
DA:18,1
DA:19,1
DA:20,1
DA:21,1
LF:21
LH:21
BRDA:1,0,0,1
BRF:1
BRH:1
end_of_record
TN:
SF:src\.internal\asciiToArray.js
FN:8,asciiToArray
FNF:1
FNH:0
FNDA:0,asciiToArray
DA:1,1
DA:2,1
DA:3,1
DA:4,1
DA:5,1
DA:6,1
DA:7,1
DA:8,0
DA:9,0
DA:10,0
DA:11,1
DA:12,1
LF:12
LH:9
BRDA:1,0,0,1
BRF:1
BRH:1
end_of_record
TN:
SF:src\.internal\baseToNumber.js
FN:14,baseToNumber
FNF:1
FNH:1
FNDA:12,baseToNumber
DA:1,1
DA:2,1
DA:3,1
DA:4,1
DA:5,1
DA:6,1
DA:7,1
DA:8,1
DA:9,1
DA:10,1
DA:11,1
DA:12,1
DA:13,1
DA:14,12
DA:15,12
DA:16,8
DA:17,8
DA:18,12
DA:19,0
DA:20,0
DA:21,4
DA:22,12
DA:23,1
DA:24,1
LF:24
LH:22
BRDA:1,0,0,1
BRDA:14,1,0,12
BRDA:15,2,0,8
BRDA:18,3,0,4
BRDA:18,4,0,0
BRDA:21,5,0,4
BRF:6
BRH:5
end_of_record
TN:
SF:src\.internal\baseToString.js
FN:17,baseToString
FNF:1
FNH:1
FNDA:4,baseToString
DA:1,1
DA:2,1
DA:3,1
DA:4,1
DA:5,1
DA:6,1
DA:7,1
DA:8,1
DA:9,1
DA:10,1
DA:11,1
DA:12,1
DA:13,1
DA:14,1
DA:15,1
DA:16,1
DA:17,4
DA:18,4
DA:19,4
DA:20,3
DA:21,3
DA:22,4
DA:23,0
DA:24,0
DA:25,0
DA:26,4
DA:27,0
DA:28,0
DA:29,1
DA:30,4
DA:31,4
DA:32,1
DA:33,1
LF:33
LH:28
BRDA:1,0,0,1
BRDA:17,1,0,4
BRDA:19,2,0,3
BRDA:22,3,0,1
BRDA:22,4,0,0
BRDA:26,5,0,1
BRDA:26,6,0,0
BRDA:29,7,0,1
BRDA:30,8,0,0
BRDA:30,9,0,0
BRDA:30,10,0,1
BRF:11
BRH:7
end_of_record
TN:
SF:src\.internal\castSlice.js
FN:12,castSlice
FNF:1
FNH:1
FNDA:1,castSlice
DA:1,1
DA:2,1
DA:3,1
DA:4,1
DA:5,1
DA:6,1
DA:7,1
DA:8,1
DA:9,1
DA:10,1
DA:11,1
DA:12,1
DA:13,1
DA:14,1
DA:15,1
DA:16,1
DA:17,1
DA:18,1
LF:18
LH:18
BRDA:1,0,0,1
BRDA:12,1,0,1
BRDA:14,2,0,0
BRDA:15,3,0,0
BRDA:15,4,0,0
BRF:5
BRH:2
end_of_record
TN:
SF:src\.internal\createCaseFirst.js
FN:12,createCaseFirst
FNF:1
FNH:1
FNDA:1,createCaseFirst
DA:1,1
DA:2,1
DA:3,1
DA:4,1
DA:5,1
DA:6,1
DA:7,1
DA:8,1
DA:9,1
DA:10,1
DA:11,1
DA:12,1
DA:13,1
DA:14,37
DA:15,1
DA:16,1
DA:17,36
DA:18,36
DA:19,37
DA:20,37
DA:21,37
DA:22,37
DA:23,37
DA:24,37
DA:25,37
DA:26,37
DA:27,37
DA:28,37
DA:29,37
DA:30,37
DA:31,37
DA:32,1
DA:33,1
DA:34,1
LF:34
LH:34
BRDA:1,0,0,1
BRDA:12,1,0,1
BRDA:13,2,0,37
BRDA:14,3,0,1
BRDA:17,4,0,36
BRDA:19,5,0,1
BRDA:20,6,0,35
BRDA:23,7,0,1
BRDA:24,8,0,35
BRDA:27,9,0,1
BRDA:28,10,0,35
BRF:11
BRH:11
end_of_record
TN:
SF:src\.internal\createMathOperation.js
FN:12,createMathOperation
FNF:1
FNH:1
FNDA:1,createMathOperation
DA:1,1
DA:2,1
DA:3,1
DA:4,1
DA:5,1
DA:6,1
DA:7,1
DA:8,1
DA:9,1
DA:10,1
DA:11,1
DA:12,1
DA:13,1
DA:14,11
DA:15,1
DA:16,1
DA:17,11
DA:18,1
DA:19,1
DA:20,11
DA:21,1
DA:22,1
DA:23,11
DA:24,2
DA:25,2
DA:26,2
DA:27,6
DA:28,6
DA:29,6
DA:30,6
DA:31,8
DA:32,11
DA:33,1
DA:34,1
DA:35,1
LF:35
LH:35
BRDA:1,0,0,1
BRDA:12,1,0,1
BRDA:13,2,0,11
BRDA:14,3,0,2
BRDA:14,4,0,1
BRDA:17,5,0,10
BRDA:17,6,0,9
BRDA:17,7,0,1
BRDA:20,8,0,9
BRDA:20,9,0,1
BRDA:23,10,0,8
BRDA:23,11,0,6
BRDA:23,12,0,2
BRDA:27,13,0,6
BRDA:31,14,0,8
BRF:15
BRH:15
end_of_record
TN:
SF:src\.internal\createRound.js
FN:8,createRound
FNF:1
FNH:1
FNDA:1,createRound
DA:1,1
DA:2,1
DA:3,1
DA:4,1
DA:5,1
DA:6,1
DA:7,1
DA:8,1
DA:9,1
DA:10,1
DA:11,23
DA:12,23
DA:13,13
DA:14,13
DA:15,13
DA:16,13
DA:17,13
DA:18,13
DA:19,13
DA:20,13
DA:21,10
DA:22,23
DA:23,1
DA:24,1
DA:25,1
LF:25
LH:25
BRDA:1,0,0,1
BRDA:8,1,0,1
BRDA:10,2,0,23
BRDA:11,3,0,8
BRDA:11,4,0,15
BRDA:11,5,0,10
BRDA:11,6,0,5
BRDA:12,7,0,13
BRDA:21,8,0,10
BRF:9
BRH:9
end_of_record
TN:
SF:src\.internal\getTag.js
FN:10,getTag
FNF:1
FNH:1
FNDA:1,getTag
DA:1,1
DA:2,1
DA:3,1
DA:4,1
DA:5,1
DA:6,1
DA:7,1
DA:8,1
DA:9,1
DA:10,1
DA:11,1
DA:12,0
DA:13,0
DA:14,1
DA:15,1
DA:16,1
DA:17,1
LF:17
LH:15
BRDA:1,0,0,1
BRDA:10,1,0,1
BRDA:11,2,0,0
BRF:3
BRH:2
end_of_record
TN:
SF:src\.internal\hasUnicode.js
FN:24,hasUnicode
FNF:1
FNH:1
FNDA:37,hasUnicode
DA:1,1
DA:2,1
DA:3,1
DA:4,1
DA:5,1
DA:6,1
DA:7,1
DA:8,1
DA:9,1
DA:10,1
DA:11,1
DA:12,1
DA:13,1
DA:14,1
DA:15,1
DA:16,1
DA:17,1
DA:18,1
DA:19,1
DA:20,1
DA:21,1
DA:22,1
DA:23,1
DA:24,37
DA:25,37
DA:26,37
DA:27,1
DA:28,1
LF:28
LH:28
BRDA:1,0,0,1
BRDA:24,1,0,37
BRF:2
BRH:2
end_of_record
TN:
SF:src\.internal\stringToArray.js
FN:12,stringToArray
FNF:1
FNH:1
FNDA:1,stringToArray
DA:1,1
DA:2,1
DA:3,1
DA:4,1
DA:5,1
DA:6,1
DA:7,1
DA:8,1
DA:9,1
DA:10,1
DA:11,1
DA:12,1
DA:13,1
DA:14,1
DA:15,1
DA:16,1
DA:17,1
DA:18,1
LF:18
LH:18
BRDA:1,0,0,1
BRDA:12,1,0,1
BRDA:15,2,0,0
BRF:3
BRH:2
end_of_record
TN:
SF:src\.internal\unicodeToArray.js
FN:39,unicodeToArray
FNF:1
FNH:1
FNDA:1,unicodeToArray
DA:1,1
DA:2,1
DA:3,1
DA:4,1
DA:5,1
DA:6,1
DA:7,1
DA:8,1
DA:9,1
DA:10,1
DA:11,1
DA:12,1
DA:13,1
DA:14,1
DA:15,1
DA:16,1
DA:17,1
DA:18,1
DA:19,1
DA:20,1
DA:21,1
DA:22,1
DA:23,1
DA:24,1
DA:25,1
DA:26,1
DA:27,1
DA:28,1
DA:29,1
DA:30,1
DA:31,1
DA:32,1
DA:33,1
DA:34,1
DA:35,1
DA:36,1
DA:37,1
DA:38,1
DA:39,1
DA:40,1
DA:41,1
DA:42,1
DA:43,1
LF:43
LH:43
BRDA:1,0,0,1
BRDA:39,1,0,1
BRDA:40,2,0,0
BRF:3
BRH:2
end_of_record
